TN:
SF:dist\index.mjs
FNF:227
FNH:126
DA:1,34
DA:2,62
DA:3,68
DA:4,34
DA:5,42
DA:6,56
DA:7,39
DA:8,33
DA:9,223
DA:10,63
DA:11,43
DA:12,33
DA:13,65
DA:16,33
DA:17,12
DA:18,22
DA:19,26
DA:20,91
DA:21,2
DA:23,1
DA:24,3
DA:25,35
DA:29,37
DA:30,10
DA:31,7
DA:32,14
DA:33,10
DA:34,8
DA:35,9
DA:36,9
DA:37,7
DA:38,3
DA:39,38
DA:40,10
DA:41,10
DA:42,8
DA:43,9
DA:44,9
DA:45,7
DA:46,2
DA:47,10
DA:48,37
DA:50,47
DA:51,33
DA:52,42
DA:54,28
DA:55,119
DA:56,56
DA:57,47
DA:58,73
DA:59,45
DA:60,9
DA:61,11
DA:62,52
DA:63,24
DA:66,10
DA:67,108
DA:68,71
DA:69,0
DA:71,9
DA:72,42
DA:73,38
DA:75,13
DA:76,117
DA:78,0
DA:79,0
DA:80,0
DA:83,75
DA:84,33
DA:85,45
DA:86,24
DA:87,31
DA:88,2
DA:89,25
DA:90,40
DA:91,121
DA:92,145
DA:93,51
DA:94,43
DA:95,89
DA:96,18
DA:97,16
DA:98,27
DA:99,10
DA:100,11
DA:101,57
DA:102,68
DA:103,4
DA:104,11
DA:105,2
DA:106,155
DA:107,105
DA:108,14
DA:109,18
DA:110,0
DA:111,0
DA:112,0
DA:113,0
DA:114,0
DA:115,0
DA:116,0
DA:117,4
DA:119,11
DA:120,61
DA:122,0
DA:123,4
DA:125,11
DA:126,52
DA:128,11
DA:129,52
DA:131,0
DA:132,4
DA:134,11
DA:135,80
DA:137,11
DA:138,29
DA:140,0
DA:141,2
DA:143,5
DA:144,14
DA:146,10
DA:147,25
DA:148,18
DA:149,289
DA:151,14
DA:152,188
DA:154,14
DA:155,12
DA:156,31
DA:157,28
DA:158,181
DA:159,4
DA:160,12
DA:162,10
DA:163,33
DA:164,136
DA:165,32
DA:167,10
DA:168,34
DA:170,0
DA:173,22
DA:174,34
DA:175,25
DA:176,29
DA:177,27
DA:178,21
DA:179,21
DA:180,5
DA:181,4
DA:182,31
DA:183,2
DA:184,30
DA:185,21
DA:186,34
DA:187,29
DA:188,27
DA:189,30
DA:190,0
DA:191,2
DA:192,12
DA:194,24
DA:195,33
DA:196,25
DA:197,62
DA:198,22
DA:199,79
DA:200,20
DA:201,19
DA:202,44
DA:203,20
DA:204,19
DA:205,9
DA:206,63
DA:207,17
DA:208,23
DA:209,116
DA:210,121
DA:211,43
DA:212,102
DA:213,168
DA:214,2
DA:215,43
DA:216,24
DA:217,93
DA:218,75
DA:219,22
DA:220,21
DA:221,75
DA:222,17
DA:223,32
DA:224,116
DA:225,121
DA:226,50
DA:227,2
DA:228,3
DA:229,26
DA:230,201
DA:231,25
DA:232,2
DA:233,54
DA:235,13
DA:236,31
DA:237,30
DA:238,41
DA:239,32
DA:240,28
DA:241,38
DA:242,0
DA:243,0
DA:244,0
DA:245,0
DA:246,0
DA:247,0
DA:248,0
DA:249,0
DA:250,0
DA:251,0
DA:252,0
DA:254,0
DA:255,0
DA:256,0
DA:257,0
DA:258,0
DA:259,0
DA:260,0
DA:261,0
DA:262,0
DA:263,0
DA:264,0
DA:265,0
DA:266,0
DA:268,10
DA:269,95
DA:270,0
DA:271,0
DA:272,2
DA:273,11
DA:275,0
DA:276,0
DA:277,0
DA:278,1
DA:280,71
DA:281,15
DA:282,0
DA:283,0
DA:284,0
DA:285,0
DA:286,0
DA:287,0
DA:288,0
DA:291,9
DA:292,55
DA:294,34
DA:295,15
DA:296,15
DA:297,17
DA:298,14
DA:299,16
DA:300,16
DA:301,16
DA:302,16
DA:303,16
DA:304,24
DA:305,22
DA:306,3
DA:310,19
DA:311,20
DA:312,10
DA:313,10
DA:314,14
DA:315,13
DA:316,12
DA:317,13
DA:318,12
DA:319,13
DA:320,19
DA:321,11
DA:322,18
DA:323,10
DA:324,10
DA:325,9
DA:326,13
DA:327,10
DA:328,13
DA:329,15
DA:330,9
DA:331,16
DA:332,13
DA:333,13
DA:334,13
DA:335,13
DA:336,13
DA:337,21
DA:338,19
DA:339,19
DA:340,19
DA:341,17
DA:342,20
DA:343,10
DA:344,28
DA:345,26
DA:346,19
DA:347,23
DA:348,36
DA:349,29
DA:350,27
DA:351,24
DA:352,2
DA:353,44
DA:354,29
DA:355,14
DA:356,10
DA:357,13
DA:358,15
DA:359,19
DA:360,10
DA:361,13
DA:362,16
DA:363,21
DA:364,20
DA:365,19
DA:366,19
DA:367,17
DA:368,20
DA:369,28
DA:370,26
DA:371,19
DA:372,23
DA:373,36
DA:374,29
DA:375,27
DA:376,26
DA:377,12
DA:378,3
DA:379,34
DA:380,14
DA:381,16
DA:382,14
DA:383,11
DA:384,3
DA:385,53
DA:386,21
DA:387,15
DA:388,3
DA:389,57
DA:390,21
DA:391,17
DA:392,20
DA:393,9
DA:394,4
DA:395,21
DA:396,24
DA:397,14
DA:398,10
DA:399,4
DA:400,12
DA:401,15
DA:402,8
DA:403,4
DA:404,15
DA:405,18
DA:406,11
DA:407,4
DA:408,18
DA:409,21
DA:410,10
DA:411,4
DA:412,15
DA:413,18
DA:414,13
DA:415,13
DA:416,4
DA:417,23
DA:418,26
DA:419,11
DA:420,4
DA:421,22
DA:422,25
DA:423,11
DA:424,4
DA:425,21
DA:426,24
DA:427,8
DA:428,4
DA:429,21
DA:430,24
DA:431,10
DA:432,4
DA:433,19
DA:434,22
DA:435,13
DA:436,10
DA:437,4
DA:438,22
DA:439,25
DA:440,11
DA:441,4
DA:442,30
DA:443,33
DA:444,10
DA:445,4
DA:446,28
DA:447,31
DA:448,13
DA:449,10
DA:450,4
DA:451,21
DA:452,24
DA:453,13
DA:454,10
DA:455,4
DA:456,25
DA:457,28
DA:458,13
DA:459,4
DA:460,31
DA:461,34
DA:462,13
DA:463,4
DA:464,29
DA:465,32
DA:466,13
DA:467,4
DA:468,28
DA:469,31
DA:470,14
DA:471,8
DA:472,2
DA:473,2
DA:474,19
DA:475,30
DA:476,34
DA:478,34
DA:479,16
DA:480,10
DA:481,13
DA:482,16
DA:483,12
DA:484,13
DA:485,10
DA:486,12
DA:487,10
DA:488,14
DA:489,14
DA:490,13
DA:491,14
DA:492,12
DA:493,16
DA:494,16
DA:495,15
DA:496,16
DA:497,14
DA:498,13
DA:499,14
DA:500,13
DA:501,3
DA:502,30
DA:503,13
DA:504,16
DA:505,17
DA:506,12
DA:507,17
DA:508,18
DA:509,21
DA:510,11
DA:511,13
DA:512,18
DA:513,11
DA:514,9
DA:515,9
DA:516,12
DA:517,12
DA:518,18
DA:519,24
DA:520,16
DA:521,21
DA:522,22
DA:523,22
DA:524,19
DA:525,17
DA:526,12
DA:527,12
DA:528,12
DA:529,12
DA:530,12
DA:531,19
DA:532,12
DA:533,12
DA:534,16
DA:535,17
DA:536,13
DA:537,17
DA:538,23
DA:539,16
DA:540,11
DA:541,17
DA:542,11
DA:543,9
DA:544,14
DA:545,21
DA:546,19
DA:547,18
DA:548,18
DA:549,18
DA:550,6
DA:551,10
DA:552,13
DA:553,10
DA:554,10
DA:555,9
DA:556,19
DA:557,11
DA:558,9
DA:559,13
DA:560,18
DA:561,10
DA:562,9
DA:563,12
DA:564,12
DA:565,13
DA:566,19
DA:567,9
DA:568,8
DA:569,9
DA:570,8
DA:571,11
DA:572,11
DA:573,9
DA:574,13
DA:575,9
DA:576,10
DA:577,8
DA:578,9
DA:579,8
DA:580,3
DA:581,23
DA:582,40
DA:583,44
DA:584,2
DA:588,29
DA:589,9
DA:590,9
DA:591,7
DA:592,8
DA:593,10
DA:594,7
DA:595,8
DA:596,10
DA:597,11
DA:598,9
DA:599,13
DA:600,9
DA:601,10
DA:602,11
DA:603,10
DA:604,6
DA:605,1
DA:609,18
DA:610,26
DA:611,21
DA:612,41
DA:613,91
DA:614,10
DA:615,71
DA:616,45
DA:618,120
DA:619,42
DA:620,194
DA:621,46
DA:622,4
DA:623,16
DA:624,51
DA:625,22
DA:626,9
DA:627,27
DA:628,42
DA:629,19
DA:630,5
DA:631,2
DA:632,27
DA:633,86
DA:634,197
DA:635,2
DA:636,151
DA:638,21
DA:639,54
DA:640,63
DA:641,4
DA:642,67
DA:647,23
DA:648,12
DA:649,55
DA:650,45
DA:651,30
DA:653,16
DA:654,33
DA:655,40
DA:656,53
DA:657,80
DA:658,0
DA:659,0
DA:660,2
DA:661,75
DA:662,30
DA:663,23
DA:664,21
DA:665,14
DA:666,17
DA:667,12
DA:668,37
DA:669,17
DA:670,4
DA:671,44
DA:672,23
DA:673,0
DA:674,0
DA:675,0
DA:676,0
DA:677,0
DA:678,0
DA:679,0
DA:680,0
DA:681,0
DA:682,0
DA:683,4
DA:684,30
DA:685,99
DA:686,2
DA:687,45
DA:688,14
DA:689,6
DA:690,5
DA:691,42
DA:692,18
DA:693,45
DA:694,16
DA:695,8
DA:696,7
DA:697,54
DA:698,2
DA:699,14
DA:701,16
DA:702,28
DA:703,38
DA:704,10
DA:706,0
DA:707,0
DA:708,0
DA:709,0
DA:710,0
DA:711,0
DA:712,0
DA:713,0
DA:714,0
DA:715,0
DA:716,0
DA:717,0
DA:718,0
DA:719,0
DA:720,0
DA:721,0
DA:722,0
DA:726,44
DA:727,142
DA:728,0
DA:729,0
DA:730,0
DA:731,0
DA:732,0
DA:733,35
DA:734,0
DA:735,0
DA:737,0
DA:738,0
DA:739,0
DA:740,42
DA:741,0
DA:742,0
DA:743,47
DA:744,42
DA:745,0
DA:746,0
DA:747,0
DA:748,48
DA:749,0
DA:750,0
DA:751,0
DA:752,49
DA:753,86
DA:754,42
DA:755,17
DA:756,76
DA:757,0
DA:758,0
DA:760,0
DA:761,0
DA:762,0
DA:763,82
DA:764,33
DA:765,17
DA:766,3
DA:767,93
DA:769,0
DA:770,0
DA:771,0
DA:772,0
DA:773,0
DA:774,0
DA:775,0
DA:776,0
DA:777,0
DA:778,0
DA:779,0
DA:782,10
DA:783,315
DA:784,41
DA:785,168
DA:786,31
DA:787,0
DA:788,0
DA:789,0
DA:790,0
DA:791,0
DA:792,0
DA:793,0
DA:794,0
DA:795,0
DA:796,0
DA:797,0
DA:798,0
DA:799,0
DA:800,0
DA:801,0
DA:802,0
DA:803,0
DA:804,0
DA:805,0
DA:807,0
DA:808,0
DA:809,0
DA:810,0
DA:811,2
DA:812,32
DA:813,17
DA:815,25
DA:816,159
DA:817,15
DA:818,38
DA:819,32
DA:820,190
DA:821,135
DA:822,324
DA:823,0
DA:824,0
DA:825,0
DA:826,0
DA:827,0
DA:828,0
DA:829,0
DA:830,0
DA:831,0
DA:832,0
DA:833,0
DA:834,0
DA:835,0
DA:836,0
DA:837,0
DA:838,0
DA:839,0
DA:840,0
DA:841,0
DA:842,0
DA:843,0
DA:844,0
DA:845,0
DA:846,0
DA:847,0
DA:848,0
DA:849,0
DA:850,0
DA:851,0
DA:852,0
DA:853,0
DA:854,0
DA:855,0
DA:856,0
DA:857,0
DA:858,0
DA:859,0
DA:860,0
DA:861,0
DA:862,0
DA:863,0
DA:864,0
DA:865,0
DA:866,4
DA:868,12
DA:869,39
DA:870,51
DA:871,36
DA:872,51
DA:873,74
DA:874,52
DA:875,24
DA:876,41
DA:877,39
DA:878,0
DA:879,0
DA:880,6
DA:881,95
DA:883,4
DA:884,33
DA:886,0
DA:887,0
DA:888,0
DA:889,0
DA:890,0
DA:891,0
DA:892,0
DA:893,0
DA:894,0
DA:895,0
DA:896,0
DA:897,0
DA:898,0
DA:899,0
DA:900,0
DA:901,0
DA:902,0
DA:903,0
DA:904,0
DA:907,35
DA:908,39
DA:909,64
DA:910,77
DA:911,39
DA:912,66
DA:913,0
DA:914,0
DA:915,0
DA:916,0
DA:917,0
DA:918,0
DA:919,0
DA:920,0
DA:921,0
DA:922,4
DA:923,55
DA:924,20
DA:925,55
DA:926,90
DA:927,30
DA:928,109
DA:929,36
DA:930,0
DA:931,0
DA:932,0
DA:933,0
DA:934,15
DA:935,34
DA:936,54
DA:938,2
DA:939,3
DA:941,0
DA:942,0
DA:943,0
DA:944,0
DA:945,0
DA:946,0
DA:947,0
DA:948,0
DA:949,0
DA:950,0
DA:951,0
DA:952,0
DA:953,0
DA:954,0
DA:955,0
DA:956,0
DA:957,0
DA:958,0
DA:959,0
DA:960,0
DA:961,0
DA:962,0
DA:963,0
DA:964,0
DA:965,0
DA:966,0
DA:967,0
DA:968,0
DA:969,0
DA:970,0
DA:971,0
DA:972,0
DA:973,0
DA:974,0
DA:975,0
DA:976,0
DA:977,0
DA:978,0
DA:979,0
DA:980,0
DA:981,0
DA:982,0
DA:983,0
DA:984,0
DA:985,0
DA:986,0
DA:987,0
DA:988,0
DA:989,0
DA:990,0
DA:991,0
DA:992,0
DA:993,0
DA:994,0
DA:1000,0
DA:1001,0
DA:1002,0
DA:1003,0
DA:1004,0
DA:1005,0
DA:1006,0
DA:1007,0
DA:1008,0
DA:1009,0
DA:1010,0
DA:1011,0
DA:1012,0
DA:1015,0
DA:1016,0
DA:1017,0
DA:1018,0
DA:1019,0
DA:1020,0
DA:1021,0
DA:1022,0
DA:1023,0
DA:1024,0
DA:1025,0
DA:1026,0
DA:1027,0
DA:1028,0
DA:1029,0
DA:1030,0
DA:1031,0
DA:1032,0
DA:1033,0
DA:1034,0
DA:1035,0
DA:1036,0
DA:1037,0
DA:1038,0
DA:1039,0
DA:1040,0
DA:1041,0
DA:1042,0
DA:1043,0
DA:1044,0
DA:1045,0
DA:1046,0
DA:1047,0
DA:1048,0
DA:1049,0
DA:1050,0
DA:1051,0
DA:1052,0
DA:1053,0
DA:1054,0
DA:1055,0
DA:1056,0
DA:1057,0
DA:1058,0
DA:1061,0
DA:1062,0
DA:1063,0
DA:1064,0
DA:1065,0
DA:1066,0
DA:1067,0
DA:1068,0
DA:1069,0
DA:1070,0
DA:1071,0
DA:1074,0
DA:1075,0
DA:1076,0
DA:1077,0
DA:1078,0
DA:1079,0
DA:1080,0
DA:1081,0
DA:1082,0
DA:1083,0
DA:1084,0
DA:1085,0
DA:1086,0
DA:1087,0
DA:1088,0
DA:1089,0
DA:1090,0
DA:1091,0
DA:1092,0
DA:1093,0
DA:1094,0
DA:1095,0
DA:1096,0
DA:1097,0
DA:1098,0
DA:1099,0
DA:1100,0
DA:1101,0
DA:1102,0
DA:1103,0
DA:1104,0
DA:1105,0
DA:1106,0
DA:1107,0
DA:1108,0
DA:1109,0
DA:1110,0
DA:1113,0
DA:1116,0
DA:1117,0
DA:1118,0
DA:1119,0
DA:1120,0
DA:1121,0
DA:1122,0
DA:1123,0
DA:1124,0
DA:1125,0
DA:1126,0
DA:1127,0
DA:1128,0
DA:1129,0
DA:1130,0
DA:1131,0
DA:1132,0
DA:1133,0
DA:1134,0
DA:1135,0
DA:1136,0
DA:1137,0
DA:1138,0
DA:1139,0
DA:1140,0
DA:1141,0
DA:1142,0
DA:1143,0
DA:1144,0
DA:1145,0
DA:1146,0
DA:1152,0
DA:1153,0
DA:1154,0
DA:1155,0
DA:1156,0
DA:1157,0
DA:1158,0
DA:1159,0
DA:1160,0
DA:1161,0
DA:1162,0
DA:1163,0
DA:1166,0
DA:1167,0
DA:1168,0
DA:1169,0
DA:1170,0
DA:1171,0
DA:1172,0
DA:1173,0
DA:1174,0
DA:1175,0
DA:1176,0
DA:1177,0
DA:1178,0
DA:1179,0
DA:1180,0
DA:1181,0
DA:1182,0
DA:1183,0
DA:1184,0
DA:1185,0
DA:1186,0
DA:1187,0
DA:1188,0
DA:1189,0
DA:1190,0
DA:1191,0
DA:1192,0
DA:1193,0
DA:1194,0
DA:1195,0
DA:1196,0
DA:1197,0
DA:1203,10
DA:1204,33
DA:1205,34
DA:1206,64
DA:1207,2
DA:1208,45
DA:1209,59
DA:1210,45
DA:1211,82
DA:1212,3
DA:1213,11
DA:1215,10
DA:1216,210
DA:1217,88
DA:1218,72
DA:1219,32
DA:1220,40
DA:1221,34
DA:1222,54
DA:1223,25
DA:1224,6
DA:1225,285
DA:1226,13
DA:1227,177
DA:1228,51
DA:1229,63
DA:1230,0
DA:1231,0
DA:1232,0
DA:1233,0
DA:1234,0
DA:1235,0
DA:1236,0
DA:1237,0
DA:1238,0
DA:1239,0
DA:1240,0
DA:1241,0
DA:1242,0
DA:1243,0
DA:1244,73
DA:1245,28
DA:1246,23
DA:1247,161
DA:1248,0
DA:1249,0
DA:1250,150
DA:1251,0
DA:1252,0
DA:1253,0
DA:1254,158
DA:1255,78
DA:1256,65
DA:1258,4
DA:1259,79
DA:1260,63
DA:1261,142
DA:1262,148
DA:1263,91
DA:1264,92
DA:1265,118
DA:1266,42
DA:1267,93
DA:1268,21
DA:1269,0
DA:1270,0
DA:1271,2
DA:1272,12
DA:1273,10
DA:1274,17
DA:1275,17
DA:1276,1
DA:1278,22
DA:1279,52
DA:1280,40
DA:1281,22
DA:1282,21
DA:1283,70
DA:1284,27
DA:1285,0
DA:1286,0
DA:1287,0
DA:1288,0
DA:1289,0
DA:1290,13
DA:1291,43
DA:1292,23
DA:1293,29
DA:1294,23
DA:1295,9
DA:1296,41
DA:1297,123
DA:1298,32
DA:1299,100
DA:1301,13
DA:1302,6
DA:1303,42
DA:1304,49
DA:1305,120
DA:1306,235
DA:1307,19
DA:1308,2
DA:1309,11
DA:1310,96
DA:1311,19
DA:1313,37
DA:1318,0
DA:1319,0
DA:1320,0
DA:1321,0
DA:1322,0
DA:1323,0
DA:1324,0
DA:1325,0
DA:1326,0
DA:1327,0
DA:1328,0
DA:1329,0
DA:1330,0
DA:1331,0
DA:1332,0
DA:1338,17
DA:1339,20
DA:1340,33
DA:1341,38
DA:1342,70
DA:1343,19
DA:1344,19
DA:1345,4
DA:1346,61
DA:1347,61
DA:1348,29
DA:1349,145
DA:1350,4
DA:1352,0
DA:1353,0
DA:1354,0
DA:1357,10
DA:1358,48
DA:1359,13
DA:1360,18
DA:1361,0
DA:1362,0
DA:1363,0
DA:1364,0
DA:1365,4
DA:1367,16
DA:1368,60
DA:1369,51
DA:1370,60
DA:1371,0
DA:1372,0
DA:1373,0
DA:1374,0
DA:1375,0
DA:1376,6
DA:1378,5
DA:1379,21
DA:1380,16
DA:1381,0
DA:1382,0
DA:1383,0
DA:1384,0
DA:1385,0
DA:1386,0
DA:1387,0
DA:1388,4
DA:1389,11
DA:1392,21
DA:1393,33
DA:1394,25
DA:1395,18
DA:1396,75
DA:1397,31
DA:1398,0
DA:1399,0
DA:1400,0
DA:1401,0
DA:1402,0
DA:1403,0
DA:1404,0
DA:1405,0
DA:1406,88
DA:1407,127
DA:1408,26
DA:1409,23
DA:1410,21
DA:1411,23
DA:1412,16
DA:1413,19
DA:1414,20
DA:1415,14
DA:1416,6
DA:1417,107
DA:1418,14
DA:1419,48
DA:1420,53
DA:1421,46
DA:1422,24
DA:1423,39
DA:1424,32
DA:1425,24
DA:1426,33
DA:1427,18
DA:1428,5
DA:1429,570
DA:1430,14
DA:1431,148
DA:1432,19
DA:1433,17
DA:1434,1
DA:1435,0
DA:1436,0
DA:1437,0
DA:1438,0
DA:1439,0
DA:1440,0
DA:1441,0
DA:1442,0
DA:1443,0
DA:1444,0
DA:1445,0
DA:1446,0
DA:1447,0
DA:1448,0
DA:1450,26
DA:1451,103
DA:1452,85
DA:1453,0
DA:1455,29
DA:1456,25
DA:1457,33
DA:1458,61
DA:1459,129
DA:1460,79
DA:1461,1
DA:1466,25
DA:1467,6
DA:1468,9
DA:1469,12
DA:1470,6
DA:1471,8
DA:1472,8
DA:1473,8
DA:1474,7
DA:1475,11
DA:1476,11
DA:1477,9
DA:1478,9
DA:1479,9
DA:1480,13
DA:1481,8
DA:1482,8
DA:1483,7
DA:1484,10
DA:1485,6
DA:1486,11
DA:1487,8
DA:1488,10
DA:1489,8
DA:1490,8
DA:1491,10
DA:1492,8
DA:1493,9
DA:1494,10
DA:1495,13
DA:1496,11
DA:1497,11
DA:1498,12
DA:1499,13
DA:1500,6
DA:1501,9
DA:1502,6
DA:1503,9
DA:1504,11
DA:1505,11
DA:1506,9
DA:1507,10
DA:1508,9
DA:1509,11
DA:1510,8
DA:1511,8
DA:1512,8
DA:1513,13
DA:1514,13
DA:1515,9
DA:1516,6
DA:1517,7
DA:1518,8
DA:1519,8
DA:1520,2
DA:1521,24
DA:1522,12
DA:1523,12
DA:1524,10
DA:1525,15
DA:1526,7
DA:1527,12
DA:1528,11
DA:1529,8
DA:1530,7
DA:1531,7
DA:1532,13
DA:1533,15
DA:1534,11
DA:1535,11
DA:1536,9
DA:1537,7
DA:1538,7
DA:1539,7
DA:1540,7
DA:1541,7
DA:1542,7
DA:1543,11
DA:1544,11
DA:1545,7
DA:1546,7
DA:1547,9
DA:1548,9
DA:1549,8
DA:1550,7
DA:1551,6
DA:1552,8
DA:1553,12
DA:1554,10
DA:1555,5
DA:1556,2
DA:1560,22
DA:1561,10
DA:1562,10
DA:1563,6
DA:1564,11
DA:1565,10
DA:1566,6
DA:1567,6
DA:1568,6
DA:1569,7
DA:1570,6
DA:1571,9
DA:1572,11
DA:1573,10
DA:1574,11
DA:1575,13
DA:1576,11
DA:1577,11
DA:1578,11
DA:1579,13
DA:1580,13
DA:1581,11
DA:1582,1
DA:1583,16
DA:1584,476
DA:1585,28
DA:1586,43
DA:1587,21
DA:1588,14
DA:1589,17
DA:1590,18
DA:1591,19
DA:1592,38
DA:1593,17
DA:1594,12
DA:1595,20
DA:1596,21
DA:1597,4
DA:1598,61
DA:1599,36
DA:1600,0
DA:1601,0
DA:1602,0
DA:1603,0
DA:1604,0
DA:1605,0
DA:1606,2
DA:1607,4
DA:1608,90
DA:1609,0
DA:1610,0
DA:1611,0
DA:1612,0
DA:1613,0
DA:1614,0
DA:1615,0
DA:1616,2
DA:1617,12
DA:1618,0
DA:1619,0
DA:1620,2
DA:1621,74
DA:1622,37
DA:1623,83
DA:1624,26
DA:1625,41
DA:1626,18
DA:1627,157
DA:1628,22
DA:1629,67
DA:1630,38
DA:1631,101
DA:1632,51
DA:1633,76
DA:1634,59
DA:1635,53
DA:1636,2
DA:1637,74
DA:1638,121
DA:1639,90
DA:1640,2
DA:1641,12
DA:1642,0
DA:1643,0
DA:1644,2
DA:1645,14
DA:1647,72
DA:1648,33
DA:1649,23
DA:1650,78
DA:1651,0
DA:1652,0
DA:1653,2
DA:1654,26
DA:1655,0
DA:1656,0
DA:1657,0
DA:1658,0
DA:1659,0
DA:1660,0
DA:1661,2
DA:1662,31
DA:1663,143
DA:1664,11
DA:1665,12
DA:1666,10
DA:1667,3
DA:1668,36
DA:1669,28
DA:1670,0
DA:1671,0
DA:1672,0
DA:1673,2
DA:1674,38
DA:1675,0
DA:1676,0
DA:1677,0
DA:1678,0
DA:1679,0
DA:1680,0
DA:1681,2
DA:1682,28
DA:1683,0
DA:1684,0
DA:1685,0
DA:1686,2
DA:1687,48
DA:1688,38
DA:1689,58
DA:1690,99
DA:1691,69
DA:1692,51
DA:1693,0
DA:1694,0
DA:1695,0
DA:1696,4
DA:1697,96
DA:1698,0
DA:1699,0
DA:1700,0
DA:1701,0
DA:1702,0
DA:1703,0
DA:1704,0
DA:1705,0
DA:1706,0
DA:1707,0
DA:1708,0
DA:1709,0
DA:1710,0
DA:1711,0
DA:1712,0
DA:1713,0
DA:1715,24
DA:1716,36
DA:1717,60
DA:1718,105
DA:1719,64
DA:1720,24
DA:1721,2
DA:1722,2
DA:1723,28
DA:1725,19
DA:1726,133
DA:1727,227
DA:1728,73
DA:1729,0
DA:1730,0
DA:1731,0
DA:1732,0
DA:1733,0
DA:1734,0
DA:1735,0
DA:1736,0
DA:1737,2
DA:1748,60
DA:1749,94
DA:1750,36
DA:1751,26
DA:1752,54
DA:1753,38
DA:1754,34
DA:1755,37
DA:1756,75
DA:1757,38
DA:1758,60
DA:1759,20
DA:1760,38
DA:1761,0
DA:1762,0
DA:1763,0
DA:1764,0
DA:1765,0
DA:1766,0
DA:1767,0
DA:1768,0
DA:1769,0
DA:1770,0
DA:1771,0
DA:1772,0
DA:1773,0
DA:1774,0
DA:1775,0
DA:1776,0
DA:1777,0
DA:1778,0
DA:1779,0
DA:1780,0
DA:1781,0
DA:1782,0
DA:1784,0
DA:1785,0
DA:1786,0
DA:1787,0
DA:1788,5
DA:1789,4
DA:1790,31
DA:1791,121
DA:1792,70
DA:1793,2
DA:1794,2
DA:1795,263
DA:1796,19
DA:1797,0
DA:1798,0
DA:1799,0
DA:1800,0
DA:1801,0
DA:1802,0
DA:1804,0
DA:1805,0
DA:1806,2
DA:1807,60
DA:1808,237
DA:1809,23
DA:1810,0
DA:1811,0
DA:1812,0
DA:1813,0
DA:1814,0
DA:1815,0
DA:1816,0
DA:1818,0
DA:1819,0
DA:1820,2
DA:1821,60
DA:1822,132
DA:1823,31
DA:1824,0
DA:1825,0
DA:1826,0
DA:1827,0
DA:1828,0
DA:1829,0
DA:1830,0
DA:1831,0
DA:1832,0
DA:1834,0
DA:1835,0
DA:1836,0
DA:1837,0
DA:1838,2
DA:1839,76
DA:1840,25
DA:1841,38
DA:1842,42
DA:1843,58
DA:1844,11
DA:1845,0
DA:1846,0
DA:1847,4
DA:1848,27
DA:1849,38
DA:1850,42
DA:1851,46
DA:1852,34
DA:1853,82
DA:1854,4
DA:1855,17
DA:1856,0
DA:1857,0
DA:1858,0
DA:1859,4
DA:1860,54
DA:1861,25
DA:1862,192
DA:1863,4
DA:1864,24
DA:1865,27
DA:1866,57
DA:1867,13
DA:1868,26
DA:1869,59
DA:1872,72
DA:1873,32
DA:1874,190
DA:1875,72
DA:1876,82
DA:1877,15
DA:1878,97
DA:1879,4
DA:1880,4
DA:1881,105
DA:1882,166
DA:1883,0
DA:1884,0
DA:1885,0
DA:1886,0
DA:1887,0
DA:1888,0
DA:1889,0
DA:1890,0
DA:1891,0
DA:1893,33
DA:1894,0
DA:1895,0
DA:1896,0
DA:1897,0
DA:1898,0
DA:1899,0
DA:1900,42
DA:1901,39
DA:1902,36
DA:1903,26
DA:1904,0
DA:1905,0
DA:1906,0
DA:1907,0
DA:1908,0
DA:1909,0
DA:1910,39
DA:1911,0
DA:1912,0
DA:1913,0
DA:1914,0
DA:1915,0
DA:1916,0
DA:1917,117
DA:1918,37
DA:1919,128
DA:1920,41
DA:1921,79
DA:1922,33
DA:1923,0
DA:1924,0
DA:1925,0
DA:1926,201
DA:1927,183
DA:1928,19
DA:1929,34
DA:1930,22
DA:1931,34
DA:1932,12
DA:1933,17
DA:1934,41
DA:1935,79
DA:1936,33
DA:1937,0
DA:1938,0
DA:1939,0
DA:1940,212
DA:1941,0
DA:1942,0
DA:1943,0
DA:1944,0
DA:1945,15
DA:1947,263
DA:1948,28
DA:1949,52
DA:1950,83
DA:1951,166
DA:1952,20
DA:1953,18
DA:1954,14
DA:1955,18
DA:1956,6
DA:1957,8
DA:1958,26
DA:1959,0
DA:1960,0
DA:1961,0
DA:1962,0
DA:1963,0
DA:1964,0
DA:1965,0
DA:1966,8
DA:1967,33
DA:1968,25
DA:1969,14
DA:1970,34
DA:1971,16
DA:1972,15
DA:1973,15
DA:1974,9
DA:1975,0
DA:1976,0
DA:1977,0
DA:1978,0
DA:1979,0
DA:1980,0
DA:1981,0
DA:1982,0
DA:1983,0
DA:1984,0
DA:1985,0
DA:1986,0
DA:1987,0
DA:1988,0
DA:1990,0
DA:1991,0
DA:1992,0
DA:1993,0
DA:1994,0
DA:1995,0
DA:1996,0
DA:1997,0
DA:1998,0
DA:1999,0
DA:2000,0
DA:2002,0
DA:2003,0
DA:2004,0
DA:2005,0
DA:2006,0
DA:2007,0
DA:2008,0
DA:2009,0
DA:2010,0
DA:2011,4
DA:2012,12
DA:2013,47
DA:2014,0
DA:2015,0
DA:2016,6
DA:2017,51
DA:2018,32
DA:2019,45
DA:2020,0
DA:2021,0
DA:2022,0
DA:2023,6
DA:2024,71
DA:2026,4
DA:2027,34
DA:2028,20
DA:2029,79
DA:2031,26
DA:2032,32
DA:2033,50
DA:2034,34
DA:2035,170
DA:2036,22
DA:2037,5
DA:2038,2
DA:2039,2
DA:2040,18
DA:2042,27
DA:2043,125
DA:2044,196
DA:2045,35
DA:2046,48
DA:2047,37
DA:2048,41
DA:2049,78
DA:2050,7
DA:2051,26
DA:2052,28
DA:2053,57
DA:2054,53
DA:2055,105
DA:2056,37
DA:2057,13
DA:2058,6
DA:2059,41
DA:2060,20
DA:2061,51
DA:2062,4
DA:2063,39
DA:2064,87
DA:2065,70
DA:2066,20
DA:2067,29
DA:2068,0
DA:2069,0
DA:2070,0
DA:2071,0
DA:2072,0
DA:2073,0
DA:2074,6
DA:2075,23
DA:2076,57
DA:2077,113
DA:2078,112
DA:2079,55
DA:2080,41
DA:2081,47
DA:2082,46
DA:2083,90
DA:2084,84
DA:2085,72
DA:2086,31
DA:2087,29
DA:2088,8
DA:2089,36
DA:2090,99
DA:2091,88
DA:2092,57
DA:2093,30
DA:2094,100
DA:2095,37
DA:2096,108
DA:2097,54
DA:2098,88
DA:2099,21
DA:2100,25
DA:2101,17
DA:2102,17
DA:2103,14
DA:2104,21
DA:2105,25
DA:2106,14
DA:2107,12
DA:2108,29
DA:2109,100
DA:2110,21
DA:2111,25
DA:2112,55
DA:2113,10
DA:2114,113
DA:2115,35
DA:2116,4
DA:2117,46
DA:2119,38
DA:2120,83
DA:2121,16
DA:2122,35
DA:2123,50
DA:2124,43
DA:2125,56
DA:2126,268
DA:2127,149
DA:2128,26
DA:2130,21
DA:2131,88
DA:2133,29
DA:2134,29
DA:2135,42
DA:2136,155
DA:2137,16
DA:2138,99
DA:2139,2
DA:2140,49
DA:2141,35
DA:2142,45
DA:2143,114
DA:2144,39
DA:2145,40
DA:2146,49
DA:2147,169
DA:2148,91
DA:2149,22
DA:2150,20
DA:2151,17
DA:2152,287
DA:2153,71
DA:2154,33
DA:2155,73
DA:2156,4
DA:2157,3
DA:2158,1
DA:2160,0
DA:2163,0
DA:2164,0
DA:2165,0
DA:2166,0
DA:2167,0
DA:2168,0
DA:2169,0
DA:2170,0
DA:2171,0
DA:2172,0
DA:2173,0
DA:2174,0
DA:2175,0
DA:2176,0
DA:2177,0
DA:2178,0
DA:2179,0
DA:2180,0
DA:2181,0
DA:2182,0
DA:2183,0
DA:2184,0
DA:2185,0
DA:2186,0
DA:2187,0
DA:2188,0
DA:2189,0
DA:2190,0
DA:2191,0
DA:2192,0
DA:2193,0
DA:2194,0
DA:2195,0
DA:2196,0
DA:2197,0
DA:2203,24
DA:2204,33
DA:2205,19
DA:2206,35
DA:2207,169
DA:2208,90
DA:2209,20
DA:2210,98
DA:2211,34
DA:2212,8
DA:2213,2
DA:2214,144
DA:2215,22
DA:2217,21
DA:2218,54
DA:2219,20
DA:2220,34
DA:2221,53
DA:2222,6
DA:2223,75
DA:2224,292
DA:2225,273
DA:2226,0
DA:2227,0
DA:2228,0
DA:2229,31
DA:2230,4
DA:2231,67
DA:2233,19
DA:2234,41
DA:2235,11
DA:2236,33
DA:2237,32
DA:2238,33
DA:2239,124
DA:2240,115
DA:2241,14
DA:2242,63
DA:2243,26
DA:2244,25
DA:2245,37
DA:2246,67
DA:2247,31
DA:2248,41
DA:2249,45
DA:2250,23
DA:2251,13
DA:2253,4
DA:2254,219
DA:2255,2
DA:2256,37
DA:2257,67
DA:2259,20
DA:2260,32
DA:2261,84
DA:2262,31
DA:2263,21
DA:2264,170
DA:2265,26
DA:2266,140
DA:2267,192
DA:2268,31
DA:2269,29
DA:2270,35
DA:2271,20
DA:2272,21
DA:2273,6
DA:2274,0
DA:2275,0
DA:2277,0
DA:2279,0
DA:2281,0
DA:2282,0
DA:2283,0
DA:2284,0
DA:2285,0
DA:2286,0
DA:2287,0
DA:2288,0
DA:2289,0
DA:2290,0
DA:2291,0
DA:2292,0
DA:2293,0
DA:2294,0
DA:2295,0
DA:2296,0
DA:2297,0
DA:2298,0
DA:2299,0
DA:2300,0
DA:2301,0
DA:2302,0
DA:2303,0
DA:2306,0
DA:2307,0
DA:2308,0
DA:2309,0
DA:2310,0
DA:2311,1
DA:2317,118
DA:2318,18
DA:2320,73
DA:2322,39
DA:2333,10
DA:2334,231
DA:2335,33
DA:2336,28
DA:2337,29
DA:2338,62
DA:2339,18
DA:2340,0
DA:2341,0
DA:2342,0
DA:2343,2
DA:2346,34
DA:2347,52
DA:2348,0
DA:2349,0
DA:2350,2
DA:2355,44
DA:2356,20
DA:2357,267
DA:2358,43
DA:2359,108
DA:2360,56
DA:2361,40
DA:2362,47
DA:2363,11
DA:2364,0
DA:2365,0
DA:2366,0
DA:2367,0
DA:2368,8
DA:2369,6
DA:2370,4
DA:2371,89
DA:2372,89
DA:2373,67
DA:2374,67
DA:2375,3
DA:2380,23
DA:2381,20
DA:2382,18
DA:2383,20
DA:2384,23
DA:2385,22
DA:2386,15
DA:2387,29
DA:2388,25
DA:2389,31
DA:2390,27
DA:2391,19
DA:2392,33
DA:2393,24
DA:2394,26
DA:2395,22
DA:2396,15
DA:2397,2
DA:2401,43
DA:2402,114
DA:2403,8
DA:2404,0
DA:2405,0
DA:2406,0
DA:2407,0
DA:2408,0
DA:2409,0
DA:2410,0
DA:2411,0
DA:2412,0
DA:2413,0
DA:2414,0
DA:2415,0
DA:2416,0
DA:2417,3
DA:2422,28
DA:2423,12
DA:2424,32
DA:2425,33
DA:2426,16
DA:2427,31
DA:2428,32
DA:2429,18
DA:2430,34
DA:2431,31
DA:2432,5
DA:2433,3
DA:2434,3
DA:2436,60
DA:2440,25
DA:2441,22
DA:2442,0
DA:2443,0
DA:2444,1
DA:2449,87
DA:2450,0
DA:2451,0
DA:2452,0
DA:2453,0
DA:2456,0
DA:2457,0
DA:2458,0
DA:2459,0
DA:2460,0
DA:2461,0
DA:2462,0
DA:2463,0
DA:2464,0
DA:2465,0
DA:2466,0
DA:2467,0
DA:2468,1
DA:2473,0
DA:2474,0
DA:2475,0
DA:2476,0
DA:2477,0
DA:2478,0
DA:2479,0
DA:2480,0
DA:2481,0
DA:2482,0
DA:2483,0
DA:2484,0
DA:2485,0
DA:2486,0
DA:2487,0
DA:2488,0
DA:2489,0
DA:2490,0
DA:2491,0
DA:2492,0
DA:2493,0
DA:2494,0
DA:2497,2
DA:2501,0
DA:2502,0
DA:2503,0
DA:2504,0
DA:2505,0
DA:2506,0
DA:2507,0
DA:2508,0
DA:2509,0
DA:2510,0
DA:2511,0
DA:2512,0
DA:2513,0
DA:2514,0
DA:2515,0
DA:2516,0
DA:2517,0
DA:2518,0
DA:2519,0
DA:2520,0
DA:2521,0
DA:2522,0
DA:2523,0
DA:2524,0
DA:2525,0
DA:2526,0
DA:2527,0
DA:2528,0
DA:2529,0
DA:2530,0
DA:2531,0
DA:2532,0
DA:2533,0
DA:2534,0
DA:2535,0
DA:2536,0
DA:2537,0
DA:2538,0
DA:2539,0
DA:2540,0
DA:2541,0
DA:2542,0
DA:2543,0
DA:2544,0
DA:2545,0
DA:2546,0
DA:2547,0
DA:2548,0
DA:2549,0
DA:2550,0
DA:2551,0
DA:2552,0
DA:2553,0
DA:2554,0
DA:2555,0
DA:2556,0
DA:2557,0
DA:2558,0
DA:2559,0
DA:2560,0
DA:2561,0
DA:2562,0
DA:2563,0
DA:2564,0
DA:2565,0
DA:2566,0
DA:2567,0
DA:2568,0
DA:2569,0
DA:2570,0
DA:2571,0
DA:2572,0
DA:2573,0
DA:2574,0
DA:2575,0
DA:2576,0
DA:2577,0
DA:2578,0
DA:2579,0
DA:2580,0
DA:2581,0
DA:2582,0
DA:2583,0
DA:2584,0
DA:2585,0
DA:2586,0
DA:2587,0
DA:2588,0
DA:2589,0
DA:2590,0
DA:2591,0
DA:2592,0
DA:2593,0
DA:2594,0
DA:2595,0
DA:2596,0
DA:2597,0
DA:2598,0
DA:2599,0
DA:2600,0
DA:2601,0
DA:2602,0
DA:2603,0
DA:2604,0
DA:2605,0
DA:2606,0
DA:2607,0
DA:2608,0
DA:2609,0
DA:2610,0
DA:2611,0
DA:2612,0
DA:2613,0
DA:2614,0
DA:2615,0
DA:2616,0
DA:2617,0
DA:2618,0
DA:2619,0
DA:2620,0
DA:2621,0
DA:2622,0
DA:2623,0
DA:2624,0
DA:2625,0
DA:2626,0
DA:2628,3
DA:2629,73
DA:2633,0
DA:2634,0
DA:2635,1
DA:2636,4
DA:2637,26
DA:2638,0
DA:2639,2
DA:2641,0
DA:2642,0
DA:2643,0
DA:2644,0
DA:2645,1
DA:2647,1
DA:2648,0
DA:2649,0
DA:2650,0
DA:2651,0
DA:2652,0
DA:2653,0
DA:2654,0
DA:2655,0
DA:2656,0
DA:2657,0
DA:2658,0
DA:2659,0
DA:2660,0
DA:2661,0
DA:2662,0
DA:2663,0
DA:2664,0
DA:2665,0
DA:2666,0
DA:2667,0
DA:2668,0
DA:2669,0
DA:2670,0
DA:2671,0
DA:2672,0
DA:2673,1
DA:2678,36
DA:2679,23
DA:2680,0
DA:2681,0
DA:2682,0
DA:2688,0
DA:2691,0
DA:2692,0
DA:2693,1
DA:2698,26
DA:2699,114
DA:2704,2
DA:2705,0
DA:2706,0
DA:2707,0
DA:2708,0
DA:2709,0
DA:2710,0
DA:2711,0
DA:2712,0
DA:2713,0
DA:2714,0
DA:2715,0
DA:2716,0
DA:2717,0
DA:2718,0
DA:2719,0
DA:2720,0
DA:2721,0
DA:2722,0
DA:2723,0
DA:2724,0
DA:2725,0
DA:2726,0
DA:2727,0
DA:2728,0
DA:2729,0
DA:2730,0
DA:2731,0
DA:2732,0
DA:2733,0
DA:2734,0
DA:2735,0
DA:2736,0
DA:2737,0
DA:2738,1
DA:2742,73
DA:2744,3
DA:2745,89
DA:2747,3
DA:2748,23
DA:2753,0
DA:2754,0
DA:2755,0
DA:2756,0
DA:2757,0
DA:2758,0
DA:2759,0
DA:2760,0
DA:2761,0
DA:2762,0
DA:2763,0
DA:2764,0
DA:2765,0
DA:2766,0
DA:2767,0
DA:2768,0
DA:2769,0
DA:2770,0
DA:2771,0
DA:2774,0
DA:2775,0
DA:2776,0
DA:2777,0
DA:2778,0
DA:2779,0
DA:2780,0
DA:2781,0
DA:2782,0
DA:2783,0
DA:2784,0
DA:2787,0
DA:2788,0
DA:2789,0
DA:2790,0
DA:2791,0
DA:2792,0
DA:2793,0
DA:2794,1
DA:2796,57
DA:2797,0
DA:2798,0
DA:2799,0
DA:2800,0
DA:2801,0
DA:2802,0
DA:2803,0
DA:2804,0
DA:2805,0
DA:2806,0
DA:2807,0
DA:2808,0
DA:2809,0
DA:2810,0
DA:2811,0
DA:2812,0
DA:2813,0
DA:2814,0
DA:2815,0
DA:2816,0
DA:2817,0
DA:2818,0
DA:2819,0
DA:2820,0
DA:2821,0
DA:2822,0
DA:2823,0
DA:2824,0
DA:2825,0
DA:2826,0
DA:2827,0
DA:2828,0
DA:2829,0
DA:2830,0
DA:2831,0
DA:2832,0
DA:2833,0
DA:2834,0
DA:2835,0
DA:2836,0
DA:2837,0
DA:2838,0
DA:2839,0
DA:2840,0
DA:2841,0
DA:2842,0
DA:2843,0
DA:2844,0
DA:2845,0
DA:2846,0
DA:2847,0
DA:2848,0
DA:2851,0
DA:2852,0
DA:2853,0
DA:2854,0
DA:2855,0
DA:2856,0
DA:2857,0
DA:2858,0
DA:2859,0
DA:2860,0
DA:2861,0
DA:2862,0
DA:2863,0
DA:2864,0
DA:2865,0
DA:2866,0
DA:2867,0
DA:2868,0
DA:2869,0
DA:2870,0
DA:2871,0
DA:2872,0
DA:2873,0
DA:2874,0
DA:2875,0
DA:2876,0
DA:2877,0
DA:2878,0
DA:2879,0
DA:2880,0
DA:2881,0
DA:2882,0
DA:2883,0
DA:2884,0
DA:2885,0
DA:2886,0
DA:2887,0
DA:2888,0
DA:2889,0
DA:2890,0
DA:2891,0
DA:2892,0
DA:2893,0
DA:2894,0
DA:2895,0
DA:2896,0
DA:2897,0
DA:2898,0
DA:2899,0
DA:2900,0
DA:2901,0
DA:2902,0
DA:2903,0
DA:2904,0
DA:2905,0
DA:2906,0
DA:2907,0
DA:2908,0
DA:2909,0
DA:2910,0
DA:2911,0
DA:2912,0
DA:2913,0
DA:2914,0
DA:2915,0
DA:2916,0
DA:2917,0
DA:2918,0
DA:2919,0
DA:2920,0
DA:2921,0
DA:2922,0
DA:2923,0
DA:2924,0
DA:2925,0
DA:2926,0
DA:2927,0
DA:2928,0
DA:2929,0
DA:2930,0
DA:2931,1
DA:2938,53
DA:2939,0
DA:2940,0
DA:2941,0
DA:2942,0
DA:2943,0
DA:2944,0
DA:2945,0
DA:2946,0
DA:2947,0
DA:2948,0
DA:2949,0
DA:2950,0
DA:2951,0
DA:2952,0
DA:2953,0
DA:2954,0
DA:2955,0
DA:2956,0
DA:2957,0
DA:2958,0
DA:2959,0
DA:2960,0
DA:2961,0
DA:2962,0
DA:2963,0
DA:2964,0
DA:2965,0
DA:2966,0
DA:2967,0
DA:2968,0
DA:2969,0
DA:2970,1
DA:2975,32
DA:2976,21
DA:2977,42
DA:2978,0
DA:2979,0
DA:2980,0
DA:2982,24
DA:2983,42
DA:2988,0
DA:2989,0
DA:2992,0
DA:2993,0
DA:2994,0
DA:2995,0
DA:2996,0
DA:2997,0
DA:2998,0
DA:2999,0
DA:3000,0
DA:3001,0
DA:3002,0
DA:3003,0
DA:3006,0
DA:3009,0
DA:3019,0
DA:3020,0
DA:3021,0
DA:3022,0
DA:3023,0
DA:3024,0
DA:3025,0
DA:3026,0
DA:3027,0
DA:3028,0
DA:3031,0
DA:3034,0
DA:3035,0
DA:3036,0
DA:3037,0
DA:3038,0
DA:3039,0
DA:3040,0
DA:3041,0
DA:3042,0
DA:3043,0
DA:3044,0
DA:3045,0
DA:3046,0
DA:3047,0
DA:3048,0
DA:3049,0
DA:3050,0
DA:3051,0
DA:3052,0
DA:3053,0
DA:3054,0
DA:3055,0
DA:3056,0
DA:3057,0
DA:3058,0
DA:3059,0
DA:3060,0
DA:3061,0
DA:3062,0
DA:3063,0
DA:3064,0
DA:3065,0
DA:3066,0
DA:3067,0
DA:3068,0
DA:3069,0
DA:3070,0
DA:3071,0
DA:3072,0
DA:3073,0
DA:3074,0
DA:3075,0
DA:3076,0
DA:3077,0
DA:3078,0
DA:3079,0
DA:3080,0
DA:3081,0
DA:3082,0
DA:3083,0
DA:3084,0
DA:3085,0
DA:3086,0
DA:3087,0
DA:3088,0
DA:3089,0
DA:3090,0
DA:3091,0
DA:3092,0
DA:3093,0
DA:3094,0
DA:3095,0
DA:3096,0
DA:3097,0
DA:3098,0
DA:3099,0
DA:3100,0
DA:3101,0
DA:3102,0
DA:3103,0
DA:3104,0
DA:3105,0
DA:3106,0
DA:3107,0
DA:3108,0
DA:3109,0
DA:3110,0
DA:3111,0
DA:3112,0
DA:3113,0
DA:3114,0
DA:3115,0
DA:3116,0
DA:3117,0
DA:3118,0
DA:3119,0
DA:3120,0
DA:3121,0
DA:3122,0
DA:3129,10
DA:3130,30
DA:3131,0
DA:3132,0
DA:3133,0
DA:3134,0
DA:3135,0
DA:3136,14
DA:3137,13
DA:3140,39
DA:3141,33
DA:3142,0
DA:3143,0
DA:3144,0
DA:3145,0
DA:3146,0
DA:3147,0
DA:3148,0
DA:3149,0
DA:3152,0
DA:3153,1
DA:3155,58
DA:3156,51
DA:3157,59
DA:3158,170
DA:3159,44
DA:3160,32
DA:3161,0
DA:3162,0
DA:3163,0
DA:3164,0
DA:3165,0
DA:3166,0
DA:3167,0
DA:3168,0
DA:3169,0
DA:3170,0
DA:3171,0
DA:3172,0
DA:3173,0
DA:3174,0
DA:3175,0
DA:3176,0
DA:3177,0
DA:3178,0
DA:3179,4
DA:3181,0
DA:3182,0
DA:3183,0
DA:3184,0
DA:3185,4
DA:3187,0
DA:3188,0
DA:3189,0
DA:3190,0
DA:3191,0
DA:3192,0
DA:3193,0
DA:3194,0
DA:3195,0
DA:3196,0
DA:3197,0
DA:3198,0
DA:3199,0
DA:3200,0
DA:3201,0
DA:3202,0
DA:3203,0
DA:3204,0
DA:3205,0
DA:3206,0
DA:3207,0
DA:3208,2
DA:3210,4
DA:3211,12
DA:3212,33
DA:3213,31
DA:3214,16
DA:3215,28
DA:3216,31
DA:3217,32
DA:3218,17
DA:3219,25
DA:3220,33
DA:3221,35
DA:3222,39
DA:3223,42
DA:3224,96
DA:3225,88
DA:3226,70
DA:3227,30
DA:3228,12
DA:3229,10
DA:3230,60
DA:3231,90
DA:3232,72
DA:3233,102
DA:3234,47
DA:3235,46
DA:3236,133
DA:3237,36
DA:3238,0
DA:3239,0
DA:3240,0
DA:3241,14
DA:3242,46
DA:3243,67
DA:3244,114
DA:3245,155
DA:3246,73
DA:3247,78
DA:3248,80
DA:3249,14
DA:3250,55
DA:3251,22
DA:3252,38
DA:3253,0
DA:3254,0
DA:3255,16
DA:3256,64
DA:3257,78
DA:3258,113
DA:3259,30
DA:3260,40
DA:3261,39
DA:3262,40
DA:3263,44
DA:3264,82
DA:3265,28
DA:3267,83
DA:3268,111
DA:3269,8
DA:3270,12
DA:3271,65
DA:3272,0
DA:3273,0
DA:3274,0
DA:3275,0
DA:3276,0
DA:3277,0
DA:3278,0
DA:3279,0
DA:3280,0
DA:3281,0
DA:3282,0
DA:3283,12
DA:3284,86
DA:3285,75
DA:3286,388
DA:3287,16
DA:3289,18
DA:3290,100
DA:3292,7
DA:3293,0
DA:3294,0
DA:3295,0
DA:3296,0
DA:3297,0
DA:3298,0
DA:3299,0
DA:3300,0
DA:3301,0
DA:3302,0
DA:3303,0
DA:3304,0
DA:3305,0
DA:3306,0
DA:3307,0
DA:3308,0
DA:3309,0
DA:3310,0
DA:3311,0
DA:3312,0
DA:3313,0
DA:3314,0
DA:3315,0
DA:3316,0
DA:3317,0
DA:3318,6
DA:3320,0
DA:3321,6
DA:3323,0
DA:3324,6
DA:3326,23
DA:3327,69
DA:3328,94
DA:3329,0
DA:3330,0
DA:3331,8
DA:3332,66
DA:3334,0
DA:3335,6
DA:3337,0
DA:3338,6
DA:3340,16
DA:3341,43
DA:3343,20
DA:3344,39
DA:3346,0
DA:3347,6
DA:3349,0
DA:3350,0
DA:3351,6
DA:3353,0
DA:3354,0
DA:3355,0
DA:3356,0
DA:3357,0
DA:3358,0
DA:3359,0
DA:3360,0
DA:3361,0
DA:3362,0
DA:3363,6
DA:3365,16
DA:3366,30
DA:3367,41
DA:3368,59
DA:3369,35
DA:3370,92
DA:3372,0
DA:3373,6
DA:3375,16
DA:3376,26
DA:3378,0
DA:3379,6
DA:3381,0
DA:3382,0
DA:3383,6
DA:3385,0
DA:3386,0
DA:3387,0
DA:3388,0
DA:3389,0
DA:3390,0
DA:3391,0
DA:3392,0
DA:3393,0
DA:3394,0
DA:3395,0
DA:3396,0
DA:3397,0
DA:3398,0
DA:3399,6
DA:3401,0
DA:3402,0
DA:3403,6
DA:3405,0
DA:3406,0
DA:3407,0
DA:3408,0
DA:3409,0
DA:3410,0
DA:3411,0
DA:3412,0
DA:3413,38
DA:3415,116
DA:3416,97
DA:3418,16
DA:3419,44
DA:3421,0
DA:3422,6
DA:3424,16
DA:3425,44
DA:3427,0
DA:3428,6
DA:3430,0
DA:3431,4
DA:3433,3
DA:3434,1
DA:3435,0
DA:3436,0
DA:3437,0
DA:3439,16
DA:3440,59
DA:3441,51
DA:3443,72
DA:3444,86
DA:3445,0
DA:3446,0
DA:3447,0
DA:3448,0
DA:3449,0
DA:3450,0
DA:3451,0
DA:3453,3
DA:3454,68
DA:3458,57
DA:3459,18
DA:3460,77
DA:3461,29
DA:3462,41
DA:3463,39
DA:3464,57
DA:3465,27
DA:3466,35
DA:3467,51
DA:3468,45
DA:3469,55
DA:3470,35
DA:3471,16
DA:3472,4
DA:3473,119
DA:3474,107
DA:3475,83
DA:3476,15
DA:3477,118
DA:3478,142
DA:3479,34
DA:3480,24
DA:3481,21
DA:3482,20
DA:3483,29
DA:3484,14
DA:3485,18
DA:3486,26
DA:3487,119
DA:3488,131
DA:3489,4
DA:3490,43
DA:3491,27
DA:3492,18
DA:3497,0
DA:3498,0
DA:3499,0
DA:3500,0
DA:3501,0
DA:3502,0
DA:3503,0
DA:3504,0
DA:3505,0
DA:3506,0
DA:3507,0
DA:3508,0
DA:3509,0
DA:3510,0
DA:3511,0
DA:3512,0
DA:3513,0
DA:3514,0
DA:3515,0
DA:3516,0
DA:3517,0
DA:3518,0
DA:3519,0
DA:3520,0
DA:3522,3
DA:3523,63
DA:3527,62
DA:3528,213
DA:3529,59
DA:3530,48
DA:3531,20
DA:3532,57
DA:3533,14
DA:3534,18
DA:3535,26
DA:3536,20
DA:3537,4
DA:3538,64
DA:3539,53
DA:3540,24
DA:3541,45
DA:3542,6
DA:3544,12
DA:3545,42
DA:3546,55
DA:3547,9
DA:3548,22
DA:3549,39
DA:3550,8
DA:3551,9
DA:3552,23
DA:3553,29
DA:3554,38
DA:3555,8
DA:3556,9
DA:3557,23
DA:3558,34
DA:3559,149
DA:3560,8
DA:3561,9
DA:3562,23
DA:3563,38
DA:3564,5
DA:3565,2
DA:3566,1
DA:3567,2
DA:3571,28
DA:3572,81
DA:3573,31
DA:3574,17
DA:3575,12
DA:3576,13
DA:3577,15
DA:3578,14
DA:3579,17
DA:3580,21
DA:3581,15
DA:3582,14
DA:3583,16
DA:3584,19
DA:3585,6
DA:3586,34
DA:3587,27
DA:3588,17
DA:3589,16
DA:3591,42
DA:3592,12
DA:3593,34
DA:3594,18
DA:3595,34
DA:3596,19
DA:3597,40
DA:3598,36
DA:3599,53
DA:3600,86
DA:3601,19
DA:3602,28
DA:3603,11
DA:3604,69
DA:3605,23
DA:3607,3
DA:3608,3
DA:3610,38
DA:3613,33
LF:3240
LH:1662
end_of_record
TN:
SF:src\babel-plugin-jsx-dom-expressions\babel-plugin-jsx-dom-expressions\VoidElements.ts
FNF:1
FNH:1
DA:1,17
DA:2,9
DA:3,9
DA:4,7
DA:5,8
DA:6,10
DA:7,7
DA:8,8
DA:9,10
DA:10,11
DA:11,9
DA:12,13
DA:13,9
DA:14,10
DA:15,11
DA:16,10
DA:17,6
DA:18,1
LF:18
LH:18
end_of_record
TN:
SF:src\babel-plugin-jsx-dom-expressions\babel-plugin-jsx-dom-expressions\config.ts
FNF:1
FNH:1
DA:1,17
DA:2,20
DA:3,18
DA:4,20
DA:5,23
DA:6,22
DA:7,15
DA:8,29
DA:9,25
DA:10,31
DA:11,27
DA:12,19
DA:13,33
DA:14,24
DA:15,26
DA:16,22
DA:17,15
DA:18,1
LF:18
LH:18
end_of_record
TN:
SF:src\babel-plugin-jsx-dom-expressions\babel-plugin-jsx-dom-expressions\dom\constants.ts
FNF:1
FNH:1
DA:1,32
DA:2,6
DA:3,9
DA:4,12
DA:5,6
DA:6,8
DA:7,8
DA:8,8
DA:9,7
DA:10,11
DA:11,11
DA:12,9
DA:13,9
DA:14,9
DA:15,13
DA:16,8
DA:17,8
DA:18,7
DA:19,10
DA:20,6
DA:21,11
DA:22,8
DA:23,10
DA:24,8
DA:25,8
DA:26,10
DA:27,8
DA:28,9
DA:29,10
DA:30,13
DA:31,11
DA:32,11
DA:33,12
DA:34,13
DA:35,6
DA:36,9
DA:37,6
DA:38,9
DA:39,11
DA:40,11
DA:41,9
DA:42,10
DA:43,9
DA:44,11
DA:45,8
DA:46,8
DA:47,8
DA:48,13
DA:49,13
DA:50,9
DA:51,6
DA:52,7
DA:53,8
DA:54,8
DA:55,2
DA:57,31
DA:58,12
DA:59,12
DA:60,10
DA:61,15
DA:62,7
DA:63,12
DA:64,11
DA:65,8
DA:66,7
DA:67,7
DA:68,13
DA:69,15
DA:70,11
DA:71,11
DA:72,9
DA:73,7
DA:74,7
DA:75,7
DA:76,7
DA:77,7
DA:78,7
DA:79,11
DA:80,11
DA:81,7
DA:82,7
DA:83,9
DA:84,9
DA:85,8
DA:86,7
DA:87,6
DA:88,8
DA:89,12
DA:90,10
DA:91,5
DA:92,1
LF:91
LH:91
end_of_record
TN:
SF:src\babel-plugin-jsx-dom-expressions\babel-plugin-jsx-dom-expressions\dom\element.ts
FNF:34
FNH:19
DA:1,34
DA:3,151
DA:12,52
DA:13,357
DA:34,43
DA:35,60
DA:37,22
DA:38,10
DA:39,10
DA:40,6
DA:41,11
DA:42,10
DA:43,6
DA:44,6
DA:45,6
DA:46,7
DA:47,6
DA:48,9
DA:49,11
DA:50,10
DA:51,11
DA:52,13
DA:53,11
DA:54,11
DA:55,11
DA:56,13
DA:57,13
DA:58,11
DA:59,2
DA:61,21
DA:62,37
DA:63,26
DA:64,73
DA:65,46
DA:66,18
DA:67,29
DA:68,5
DA:69,22
DA:70,18
DA:71,65
DA:72,16
DA:73,46
DA:74,5
DA:75,22
DA:76,18
DA:77,7
DA:78,15
DA:79,28
DA:80,43
DA:81,21
DA:82,14
DA:83,17
DA:84,18
DA:85,19
DA:86,38
DA:87,17
DA:88,12
DA:89,20
DA:90,21
DA:91,4
DA:93,5
DA:94,22
DA:95,18
DA:96,16
DA:97,36
DA:98,0
DA:99,0
DA:100,0
DA:101,0
DA:102,0
DA:104,0
DA:105,0
DA:106,0
DA:107,0
DA:108,0
DA:109,0
DA:110,0
DA:111,0
DA:112,2
DA:113,4
DA:114,4
DA:115,22
DA:116,64
DA:117,0
DA:118,0
DA:119,0
DA:120,0
DA:121,0
DA:122,0
DA:123,0
DA:124,0
DA:125,0
DA:126,0
DA:127,0
DA:128,0
DA:129,0
DA:130,0
DA:131,0
DA:132,0
DA:133,0
DA:134,0
DA:135,0
DA:136,0
DA:137,0
DA:138,0
DA:139,0
DA:140,2
DA:141,12
DA:142,0
DA:143,0
DA:144,2
DA:145,22
DA:146,55
DA:147,2
DA:148,37
DA:149,4
DA:150,35
DA:151,39
DA:152,0
DA:153,0
DA:154,2
DA:155,26
DA:156,41
DA:157,18
DA:159,19
DA:160,21
DA:161,30
DA:162,20
DA:163,67
DA:164,15
DA:165,0
DA:166,0
DA:167,0
DA:168,0
DA:169,51
DA:170,76
DA:171,24
DA:172,53
DA:173,2
DA:174,69
DA:175,0
DA:176,0
DA:177,0
DA:178,0
DA:179,0
DA:180,0
DA:181,0
DA:182,0
DA:183,2
DA:184,12
DA:185,0
DA:186,0
DA:187,2
DA:188,15
DA:191,0
DA:192,0
DA:193,0
DA:194,0
DA:195,0
DA:196,0
DA:197,0
DA:198,0
DA:199,0
DA:200,0
DA:201,0
DA:202,0
DA:203,0
DA:204,0
DA:205,0
DA:206,0
DA:207,0
DA:208,0
DA:209,0
DA:210,0
DA:211,0
DA:212,0
DA:213,0
DA:214,0
DA:215,0
DA:216,0
DA:217,0
DA:218,0
DA:219,0
DA:220,0
DA:221,0
DA:222,0
DA:223,0
DA:224,0
DA:225,0
DA:226,0
DA:227,0
DA:228,0
DA:229,0
DA:230,0
DA:231,0
DA:232,0
DA:233,0
DA:234,0
DA:235,0
DA:236,0
DA:237,0
DA:238,0
DA:239,0
DA:240,0
DA:241,0
DA:242,0
DA:243,0
DA:244,0
DA:245,0
DA:246,0
DA:247,0
DA:248,0
DA:249,0
DA:250,0
DA:251,0
DA:252,0
DA:253,0
DA:254,0
DA:255,0
DA:256,0
DA:257,0
DA:258,0
DA:259,0
DA:260,0
DA:261,0
DA:262,0
DA:263,0
DA:264,0
DA:265,0
DA:266,0
DA:267,0
DA:268,0
DA:269,0
DA:270,0
DA:271,0
DA:272,0
DA:273,0
DA:274,0
DA:275,0
DA:276,0
DA:277,0
DA:278,0
DA:279,0
DA:280,0
DA:281,0
DA:282,0
DA:283,0
DA:284,0
DA:285,0
DA:286,0
DA:287,0
DA:288,0
DA:289,0
DA:290,0
DA:291,0
DA:292,0
DA:293,0
DA:294,0
DA:295,0
DA:296,0
DA:297,0
DA:298,0
DA:299,0
DA:300,0
DA:301,0
DA:302,0
DA:303,0
DA:304,0
DA:305,0
DA:306,0
DA:307,0
DA:308,0
DA:309,0
DA:310,0
DA:311,0
DA:312,0
DA:313,0
DA:314,0
DA:315,0
DA:316,0
DA:317,0
DA:318,0
DA:319,0
DA:320,0
DA:321,0
DA:322,0
DA:323,0
DA:324,0
DA:325,0
DA:326,0
DA:327,0
DA:328,0
DA:329,0
DA:330,0
DA:331,0
DA:332,0
DA:333,0
DA:334,0
DA:335,0
DA:336,0
DA:337,0
DA:338,0
DA:339,0
DA:340,0
DA:341,0
DA:346,24
DA:347,31
DA:348,0
DA:349,0
DA:350,0
DA:351,0
DA:352,0
DA:353,0
DA:354,0
DA:355,0
DA:356,2
DA:357,28
DA:360,19
DA:361,23
DA:362,28
DA:363,10
DA:364,12
DA:365,60
DA:366,39
DA:367,34
DA:368,7
DA:369,25
DA:370,50
DA:371,45
DA:372,27
DA:375,73
DA:376,0
DA:377,0
DA:378,0
DA:379,0
DA:380,0
DA:381,0
DA:382,0
DA:383,0
DA:384,0
DA:385,0
DA:387,0
DA:388,2
DA:401,60
DA:403,41
DA:404,49
DA:405,4
DA:406,31
DA:407,0
DA:409,0
DA:410,0
DA:412,0
DA:413,0
DA:414,0
DA:415,0
DA:416,0
DA:418,0
DA:419,0
DA:420,0
DA:421,0
DA:422,0
DA:423,0
DA:424,0
DA:425,0
DA:426,0
DA:428,0
DA:430,0
DA:431,0
DA:432,0
DA:433,0
DA:434,0
DA:435,0
DA:436,0
DA:437,0
DA:438,0
DA:439,0
DA:441,0
DA:442,0
DA:444,0
DA:445,0
DA:446,0
DA:447,0
DA:448,0
DA:449,0
DA:450,0
DA:451,0
DA:452,0
DA:453,0
DA:454,0
DA:455,0
DA:456,0
DA:457,0
DA:458,0
DA:459,0
DA:460,0
DA:461,0
DA:462,0
DA:463,0
DA:464,0
DA:465,0
DA:466,0
DA:467,0
DA:468,0
DA:470,0
DA:471,0
DA:472,0
DA:473,0
DA:474,0
DA:475,0
DA:476,0
DA:477,0
DA:478,0
DA:479,0
DA:481,0
DA:482,0
DA:483,0
DA:484,0
DA:485,0
DA:486,0
DA:487,0
DA:488,2
DA:491,28
DA:492,22
DA:493,18
DA:494,4
DA:495,7
DA:496,15
DA:497,32
DA:498,44
DA:499,49
DA:500,40
DA:501,4
DA:502,19
DA:503,0
DA:504,0
DA:505,0
DA:506,0
DA:507,0
DA:508,0
DA:509,0
DA:510,0
DA:511,0
DA:512,0
DA:513,0
DA:514,0
DA:515,0
DA:516,0
DA:517,0
DA:518,0
DA:519,0
DA:520,0
DA:521,0
DA:522,0
DA:523,0
DA:524,0
DA:525,0
DA:526,0
DA:527,0
DA:528,0
DA:530,0
DA:531,0
DA:532,0
DA:533,2
DA:536,60
DA:537,42
DA:538,7
DA:539,15
DA:540,36
DA:541,44
DA:542,49
DA:543,40
DA:544,0
DA:545,0
DA:546,0
DA:547,0
DA:550,4
DA:551,23
DA:552,0
DA:553,0
DA:554,0
DA:555,0
DA:556,0
DA:557,0
DA:558,0
DA:559,0
DA:560,0
DA:561,0
DA:562,0
DA:563,0
DA:564,0
DA:565,0
DA:566,0
DA:567,0
DA:568,0
DA:569,0
DA:570,0
DA:571,0
DA:572,0
DA:573,0
DA:574,0
DA:575,0
DA:576,0
DA:577,0
DA:578,0
DA:579,0
DA:580,0
DA:581,0
DA:582,0
DA:583,0
DA:584,0
DA:585,0
DA:586,0
DA:587,0
DA:588,0
DA:589,0
DA:591,0
DA:592,0
DA:593,0
DA:594,0
DA:595,0
DA:596,2
DA:599,60
DA:600,41
DA:601,7
DA:602,16
DA:603,64
DA:604,4
DA:605,31
DA:606,0
DA:607,0
DA:608,0
DA:609,0
DA:610,0
DA:611,0
DA:612,0
DA:613,0
DA:614,0
DA:615,0
DA:616,0
DA:617,0
DA:618,0
DA:619,0
DA:620,0
DA:621,0
DA:622,0
DA:623,0
DA:624,0
DA:625,0
DA:626,0
DA:628,0
DA:629,0
DA:630,0
DA:631,0
DA:632,0
DA:633,2
DA:634,31
DA:635,14
DA:636,27
DA:637,4
DA:639,25
DA:642,34
DA:643,40
DA:644,52
DA:646,11
DA:647,0
DA:648,0
DA:649,4
DA:651,27
DA:652,38
DA:653,42
DA:655,39
DA:656,0
DA:657,0
DA:658,0
DA:659,0
DA:660,4
DA:662,17
DA:663,0
DA:664,0
DA:665,0
DA:666,4
DA:668,54
DA:669,25
DA:671,4
DA:672,16
DA:673,16
DA:674,16
DA:675,17
DA:676,15
DA:677,17
DA:678,16
DA:679,16
DA:680,16
DA:681,13
DA:682,0
DA:683,0
DA:684,4
DA:685,4
DA:687,17
DA:688,0
DA:689,0
DA:690,13
DA:691,26
DA:692,57
DA:696,5
DA:697,22
DA:698,18
DA:699,27
DA:700,32
DA:701,24
DA:702,40
DA:703,2
DA:704,15
DA:705,20
DA:706,36
DA:707,53
DA:708,72
DA:709,28
DA:710,13
DA:711,18
DA:712,23
DA:713,15
DA:714,4
DA:715,29
DA:716,60
DA:717,0
DA:718,0
DA:719,0
DA:720,0
DA:721,0
DA:722,0
DA:723,0
DA:724,4
DA:725,4
DA:726,4
DA:727,36
DA:728,21
DA:729,35
DA:730,0
DA:731,0
DA:732,0
DA:733,0
DA:734,4
DA:735,4
DA:736,38
DA:737,21
DA:738,2
DA:739,39
DA:740,39
DA:742,7
DA:743,18
DA:745,0
DA:746,0
DA:747,0
DA:748,0
DA:749,0
DA:750,0
DA:751,0
DA:752,0
DA:753,0
DA:754,0
DA:755,0
DA:756,0
DA:757,0
DA:758,0
DA:759,0
DA:760,0
DA:761,0
DA:762,0
DA:763,0
DA:764,0
DA:765,0
DA:766,0
DA:767,0
DA:768,0
DA:769,0
DA:770,0
DA:771,0
DA:772,0
DA:773,0
DA:774,0
DA:775,0
DA:776,0
DA:777,0
DA:778,0
DA:779,0
DA:780,0
DA:781,0
DA:782,0
DA:783,0
DA:784,0
DA:785,0
DA:786,0
DA:787,0
DA:788,0
DA:789,0
DA:790,0
DA:791,0
DA:792,0
DA:793,0
DA:794,0
DA:795,0
DA:796,0
DA:797,0
DA:798,0
DA:799,0
DA:800,0
DA:801,0
DA:802,0
DA:803,0
DA:804,0
DA:805,0
DA:806,0
DA:807,0
DA:808,0
DA:809,0
DA:810,0
DA:811,0
DA:812,0
DA:813,0
DA:814,0
DA:815,0
DA:816,0
DA:817,0
DA:818,0
DA:820,33
DA:822,0
DA:823,0
DA:824,0
DA:825,0
DA:826,0
DA:827,0
DA:828,0
DA:829,0
DA:830,0
DA:831,0
DA:832,0
DA:833,0
DA:834,0
DA:835,0
DA:836,0
DA:837,0
DA:838,0
DA:839,0
DA:840,0
DA:841,0
DA:842,0
DA:843,0
DA:844,29
DA:845,0
DA:846,40
DA:847,36
DA:848,26
DA:849,0
DA:850,0
DA:851,0
DA:852,0
DA:853,0
DA:855,0
DA:856,0
DA:857,0
DA:858,0
DA:859,0
DA:860,0
DA:861,0
DA:862,0
DA:863,0
DA:864,0
DA:865,0
DA:866,0
DA:867,39
DA:869,0
DA:870,0
DA:871,0
DA:872,0
DA:873,0
DA:874,0
DA:875,0
DA:876,0
DA:877,0
DA:878,0
DA:879,0
DA:880,0
DA:881,0
DA:882,10
DA:883,26
DA:884,27
DA:885,43
DA:886,11
DA:888,36
DA:889,15
DA:890,51
DA:891,68
DA:892,25
DA:893,41
DA:894,49
DA:895,11
DA:896,7
DA:897,12
DA:898,33
DA:899,0
DA:900,0
DA:901,0
DA:902,0
DA:903,0
DA:904,0
DA:905,0
DA:906,0
DA:907,0
DA:908,0
DA:909,0
DA:910,0
DA:911,0
DA:912,0
DA:913,0
DA:914,0
DA:915,0
DA:916,0
DA:917,0
DA:918,0
DA:919,0
DA:920,60
DA:921,22
DA:922,22
DA:923,23
DA:924,5
DA:925,51
DA:926,7
DA:927,1
DA:928,1
DA:929,12
DA:930,0
DA:931,0
DA:932,0
DA:933,0
DA:934,0
DA:935,0
DA:936,0
DA:937,0
DA:938,0
DA:939,0
DA:940,0
DA:941,0
DA:942,0
DA:943,0
DA:944,0
DA:945,0
DA:946,0
DA:947,9
DA:949,0
DA:950,0
DA:951,0
DA:952,0
DA:953,0
DA:954,0
DA:955,0
DA:956,0
DA:957,0
DA:958,0
DA:959,0
DA:960,0
DA:961,0
DA:962,0
DA:963,0
DA:964,0
DA:965,0
DA:966,0
DA:967,0
DA:968,0
DA:969,0
DA:970,0
DA:971,0
DA:972,0
DA:973,0
DA:974,0
DA:975,0
DA:976,0
DA:977,0
DA:978,0
DA:979,0
DA:980,0
DA:981,0
DA:982,0
DA:983,0
DA:984,0
DA:985,0
DA:986,0
DA:987,0
DA:988,0
DA:989,0
DA:990,0
DA:991,0
DA:992,0
DA:993,0
DA:994,7
DA:997,0
DA:998,0
DA:999,0
DA:1000,0
DA:1001,0
DA:1002,0
DA:1003,0
DA:1004,0
DA:1005,0
DA:1018,0
DA:1019,0
DA:1020,0
DA:1021,0
DA:1022,0
DA:1023,0
DA:1024,0
DA:1025,0
DA:1026,0
DA:1027,0
DA:1028,0
DA:1029,0
DA:1030,0
DA:1031,0
DA:1032,0
DA:1033,0
DA:1034,0
DA:1035,0
DA:1036,0
DA:1037,0
DA:1038,0
DA:1039,0
DA:1040,0
DA:1041,0
DA:1042,0
DA:1043,0
DA:1044,0
DA:1045,0
DA:1046,0
DA:1047,0
DA:1048,0
DA:1049,0
DA:1050,0
DA:1051,0
DA:1052,0
DA:1053,0
DA:1054,0
DA:1055,0
DA:1056,0
DA:1057,0
DA:1058,0
DA:1059,0
DA:1060,0
DA:1062,0
DA:1064,0
DA:1065,0
DA:1067,0
DA:1068,0
DA:1069,0
DA:1070,0
DA:1071,0
DA:1073,0
DA:1075,0
DA:1077,0
DA:1079,0
DA:1080,0
DA:1081,0
DA:1084,0
DA:1085,0
DA:1086,0
DA:1087,0
DA:1088,0
DA:1089,0
DA:1090,0
DA:1091,0
DA:1092,0
DA:1093,0
DA:1094,0
DA:1095,0
DA:1096,0
DA:1097,0
DA:1098,0
DA:1099,0
DA:1100,0
DA:1101,0
DA:1102,0
DA:1103,0
DA:1104,0
DA:1105,0
DA:1109,0
DA:1110,0
DA:1111,0
DA:1112,0
DA:1113,0
DA:1114,0
DA:1115,0
DA:1116,0
DA:1117,0
DA:1118,0
DA:1119,0
DA:1120,0
DA:1121,0
DA:1122,0
DA:1123,0
DA:1124,0
DA:1125,0
DA:1126,0
DA:1127,0
DA:1128,0
DA:1129,5
DA:1131,13
DA:1132,47
DA:1133,0
DA:1134,0
DA:1135,6
DA:1136,51
DA:1139,32
DA:1140,38
DA:1141,0
DA:1142,0
DA:1143,0
DA:1144,0
DA:1145,0
DA:1146,15
DA:1147,66
DA:1150,4
DA:1151,29
DA:1152,0
DA:1153,2
DA:1154,20
DA:1156,79
DA:1159,26
DA:1160,22
DA:1161,10
DA:1162,50
DA:1163,34
DA:1164,4
DA:1165,14
DA:1166,21
DA:1167,46
DA:1168,25
DA:1169,31
DA:1170,22
DA:1171,0
DA:1172,0
DA:1173,0
DA:1174,2
DA:1175,2
DA:1176,18
DA:1179,27
DA:1180,46
DA:1181,33
DA:1182,17
DA:1183,21
DA:1184,8
DA:1185,63
DA:1186,68
DA:1187,65
DA:1188,26
DA:1189,0
DA:1190,0
DA:1191,0
DA:1192,4
DA:1193,48
DA:1194,37
DA:1195,41
DA:1196,8
DA:1197,70
DA:1198,7
DA:1199,26
DA:1200,26
DA:1201,46
DA:1202,0
DA:1203,0
DA:1204,0
DA:1205,37
DA:1206,13
DA:1207,6
DA:1209,41
DA:1210,20
DA:1211,46
DA:1212,0
DA:1213,0
DA:1214,4
DA:1216,39
DA:1217,35
DA:1218,52
DA:1219,70
DA:1221,13
DA:1222,0
DA:1223,0
DA:1224,0
DA:1225,0
DA:1226,0
DA:1227,0
DA:1228,0
DA:1229,0
DA:1230,0
DA:1231,0
DA:1232,0
DA:1233,0
DA:1234,0
DA:1235,0
DA:1236,0
DA:1237,0
DA:1238,0
DA:1239,0
DA:1240,0
DA:1241,0
DA:1242,0
DA:1243,0
DA:1244,0
DA:1246,0
DA:1247,0
DA:1248,0
DA:1249,0
DA:1250,0
DA:1251,0
DA:1252,0
DA:1253,0
DA:1254,0
DA:1255,0
DA:1256,0
DA:1257,0
DA:1258,0
DA:1259,0
DA:1260,0
DA:1261,0
DA:1262,0
DA:1263,0
DA:1264,0
DA:1265,0
DA:1266,0
DA:1268,0
DA:1269,0
DA:1270,0
DA:1271,0
DA:1272,0
DA:1273,0
DA:1274,0
DA:1275,0
DA:1276,0
DA:1277,0
DA:1278,0
DA:1279,0
DA:1280,0
DA:1281,36
DA:1282,34
DA:1283,6
DA:1284,10
DA:1285,41
DA:1286,8
DA:1287,45
DA:1288,43
DA:1290,48
DA:1291,0
DA:1292,0
DA:1293,0
DA:1294,0
DA:1295,0
DA:1296,0
DA:1297,0
DA:1298,0
DA:1299,0
DA:1300,0
DA:1301,0
DA:1302,0
DA:1303,0
DA:1304,0
DA:1306,0
DA:1307,0
DA:1308,0
DA:1309,0
DA:1310,0
DA:1311,0
DA:1312,0
DA:1313,0
DA:1315,0
DA:1316,0
DA:1317,0
DA:1318,16
DA:1319,0
DA:1320,0
DA:1321,0
DA:1322,0
DA:1323,0
DA:1324,0
DA:1325,0
DA:1326,0
DA:1327,0
DA:1328,15
DA:1329,19
DA:1330,22
DA:1331,54
DA:1332,1
DA:1333,13
DA:1335,2
DA:1336,4
DA:1337,46
DA:1340,0
DA:1341,0
DA:1342,0
DA:1343,0
DA:1344,0
DA:1345,0
DA:1346,0
DA:1347,0
DA:1348,0
DA:1349,0
DA:1350,0
DA:1351,0
DA:1352,0
DA:1353,0
DA:1354,0
DA:1355,0
DA:1356,0
DA:1357,0
DA:1358,0
DA:1359,0
DA:1360,0
DA:1361,0
DA:1362,0
DA:1363,0
DA:1364,0
DA:1365,0
DA:1366,0
DA:1367,0
DA:1368,0
DA:1369,0
DA:1370,0
DA:1371,0
DA:1372,0
DA:1373,0
DA:1374,0
DA:1375,0
DA:1379,0
DA:1380,0
DA:1381,0
DA:1387,29
DA:1388,24
DA:1389,0
DA:1390,0
DA:1391,0
DA:1392,0
DA:1393,0
DA:1395,0
DA:1396,0
DA:1397,0
DA:1398,0
DA:1399,0
DA:1400,0
DA:1402,0
DA:1403,2
DA:1404,49
DA:1405,35
DA:1406,45
DA:1407,4
DA:1408,45
DA:1409,50
DA:1411,11
DA:1412,0
DA:1413,0
DA:1414,0
DA:1415,0
DA:1416,0
DA:1417,0
DA:1418,0
DA:1419,0
DA:1421,0
DA:1422,0
DA:1423,0
DA:1424,0
DA:1425,0
DA:1426,0
DA:1427,0
DA:1428,0
DA:1429,0
DA:1430,0
DA:1431,0
DA:1432,0
DA:1433,0
DA:1434,0
DA:1437,0
DA:1439,0
DA:1440,0
DA:1441,0
DA:1442,0
DA:1443,0
DA:1444,0
DA:1447,0
DA:1448,0
DA:1449,0
DA:1450,0
DA:1451,0
DA:1452,0
DA:1453,0
DA:1454,0
DA:1455,0
DA:1456,0
DA:1457,0
DA:1458,0
DA:1459,0
DA:1460,0
DA:1461,0
DA:1462,0
DA:1466,0
DA:1467,0
DA:1468,0
DA:1469,0
DA:1470,0
DA:1471,0
DA:1472,0
DA:1473,0
DA:1474,0
DA:1475,0
DA:1476,0
DA:1477,0
DA:1478,0
DA:1479,0
DA:1480,0
DA:1481,0
DA:1482,0
DA:1483,0
DA:1484,0
DA:1485,0
DA:1486,0
DA:1487,0
DA:1488,0
DA:1489,0
DA:1490,0
DA:1491,0
DA:1492,0
DA:1493,0
DA:1494,0
DA:1495,0
DA:1496,0
DA:1497,0
DA:1498,0
DA:1499,0
DA:1500,0
DA:1501,0
DA:1502,0
DA:1503,0
DA:1504,0
DA:1505,0
DA:1506,0
DA:1507,0
DA:1508,0
DA:1509,0
DA:1510,0
DA:1511,0
DA:1512,0
DA:1513,0
DA:1514,0
DA:1515,0
DA:1516,0
DA:1517,0
DA:1518,0
DA:1519,0
DA:1520,0
DA:1521,0
DA:1522,0
DA:1523,0
DA:1524,0
DA:1525,0
DA:1526,0
DA:1527,0
DA:1528,0
DA:1529,0
DA:1530,0
DA:1531,0
DA:1532,0
DA:1533,0
DA:1534,0
DA:1535,0
DA:1536,0
DA:1537,0
DA:1538,0
DA:1539,0
DA:1540,0
DA:1541,0
DA:1542,0
DA:1543,0
DA:1544,0
DA:1545,0
DA:1546,0
DA:1547,0
DA:1548,0
DA:1549,0
DA:1550,0
DA:1551,0
DA:1552,0
DA:1553,0
DA:1554,0
DA:1555,0
DA:1556,0
DA:1557,0
DA:1558,0
DA:1559,0
DA:1560,0
DA:1561,0
DA:1562,0
DA:1563,0
DA:1564,0
DA:1565,0
DA:1566,0
DA:1567,0
DA:1568,0
DA:1569,0
DA:1570,0
DA:1571,0
DA:1572,0
DA:1573,0
DA:1574,0
DA:1575,0
DA:1576,0
DA:1577,0
LF:1411
LH:353
end_of_record
TN:
SF:src\babel-plugin-jsx-dom-expressions\babel-plugin-jsx-dom-expressions\dom\template.ts
FNF:8
FNH:5
DA:1,34
DA:2,129
DA:9,36
DA:11,29
DA:12,33
DA:13,19
DA:14,35
DA:15,4
DA:16,2
DA:17,23
DA:18,26
DA:19,28
DA:21,38
DA:22,0
DA:23,0
DA:24,13
DA:25,24
DA:26,26
DA:27,4
DA:28,26
DA:29,20
DA:30,23
DA:31,43
DA:32,22
DA:33,10
DA:34,34
DA:35,2
DA:36,3
DA:37,2
DA:38,1
DA:40,2
DA:41,49
DA:42,0
DA:43,0
DA:44,0
DA:45,2
DA:46,23
DA:49,26
DA:50,52
DA:51,20
DA:52,32
DA:53,51
DA:54,6
DA:56,71
DA:57,17
DA:58,250
DA:59,17
DA:60,6
DA:62,28
DA:63,13
DA:64,13
DA:65,17
DA:66,21
DA:67,6
DA:68,12
DA:69,41
DA:70,3
DA:71,64
DA:72,51
DA:73,0
DA:74,0
DA:75,0
DA:76,0
DA:77,2
DA:78,2
DA:80,3
DA:81,11
DA:82,11
DA:83,1
DA:84,1
DA:85,4
DA:86,67
DA:89,19
DA:90,41
DA:91,11
DA:92,33
DA:93,32
DA:94,33
DA:95,18
DA:96,49
DA:97,57
DA:98,4
DA:99,30
DA:100,0
DA:101,0
DA:102,15
DA:103,63
DA:104,26
DA:105,25
DA:106,37
DA:107,67
DA:108,31
DA:109,41
DA:110,45
DA:111,23
DA:112,13
DA:114,4
DA:115,28
DA:116,12
DA:117,12
DA:118,0
DA:119,0
DA:120,0
DA:121,0
DA:122,0
DA:123,0
DA:124,0
DA:125,2
DA:126,32
DA:127,3
DA:128,2
DA:129,37
DA:130,67
DA:133,20
DA:134,30
DA:135,0
DA:137,0
DA:139,0
DA:140,0
DA:141,0
DA:142,0
DA:143,0
DA:144,0
DA:145,0
DA:146,0
DA:147,0
DA:148,0
DA:149,0
DA:150,0
DA:151,0
DA:152,0
DA:153,0
DA:154,0
DA:155,0
DA:156,0
DA:157,0
DA:158,0
DA:159,0
DA:160,0
DA:161,0
DA:162,0
DA:164,0
DA:165,0
DA:166,0
DA:167,0
DA:168,0
DA:169,0
DA:170,0
DA:171,0
DA:172,0
DA:173,0
DA:174,0
DA:175,0
DA:176,0
DA:177,0
DA:178,0
DA:180,0
DA:183,0
DA:185,0
DA:187,0
DA:189,0
DA:190,0
DA:191,0
DA:192,0
DA:193,0
DA:194,0
DA:195,0
DA:196,0
DA:197,0
DA:198,0
DA:199,0
DA:200,0
DA:201,0
DA:202,0
DA:203,0
DA:204,0
DA:205,0
DA:206,0
DA:207,0
DA:208,0
DA:209,0
DA:210,0
DA:211,0
DA:212,0
DA:213,0
DA:214,0
DA:215,0
DA:216,0
DA:217,0
DA:218,0
DA:219,0
DA:220,0
DA:221,0
DA:222,0
DA:223,0
DA:224,0
DA:225,0
DA:226,0
DA:227,0
DA:228,0
DA:229,0
DA:230,0
DA:231,0
DA:232,0
DA:233,0
DA:234,0
DA:235,0
DA:236,0
DA:237,0
DA:238,0
DA:239,0
DA:240,0
DA:241,0
DA:242,0
DA:243,0
DA:246,0
DA:248,0
DA:249,0
DA:250,0
DA:251,0
DA:252,0
DA:253,0
DA:254,0
DA:255,0
DA:256,0
DA:257,0
DA:258,0
DA:259,0
DA:260,0
DA:261,0
DA:262,0
LF:231
LH:97
end_of_record
TN:
SF:src\babel-plugin-jsx-dom-expressions\babel-plugin-jsx-dom-expressions\index.ts
FNF:1
FNH:1
DA:2,41
DA:3,47
DA:4,45
DA:5,50
DA:7,25
DA:11,3
DA:12,12
DA:13,32
DA:14,24
DA:15,16
DA:16,31
DA:17,32
DA:18,18
DA:19,26
DA:20,23
DA:21,5
DA:22,3
DA:23,3
DA:26,27
LF:19
LH:19
end_of_record
TN:
SF:src\babel-plugin-jsx-dom-expressions\babel-plugin-jsx-dom-expressions\shared\component.ts
FNF:5
FNH:3
DA:1,34
DA:2,39
DA:3,63
DA:4,148
DA:14,10
DA:15,33
DA:16,34
DA:17,64
DA:18,2
DA:19,0
DA:20,0
DA:21,0
DA:22,0
DA:23,0
DA:24,0
DA:25,0
DA:26,0
DA:27,3
DA:29,11
DA:32,23
DA:33,16
DA:34,26
DA:35,67
DA:36,12
DA:37,20
DA:38,23
DA:39,46
DA:41,4
DA:42,44
DA:43,35
DA:44,0
DA:45,0
DA:46,0
DA:47,2
DA:49,5
DA:50,22
DA:51,18
DA:52,0
DA:53,0
DA:54,0
DA:55,0
DA:56,0
DA:57,0
DA:58,0
DA:59,0
DA:60,0
DA:61,0
DA:62,0
DA:63,0
DA:64,0
DA:65,0
DA:66,0
DA:67,0
DA:68,0
DA:69,0
DA:70,0
DA:71,0
DA:72,0
DA:73,0
DA:74,0
DA:75,0
DA:76,0
DA:77,0
DA:78,0
DA:79,0
DA:80,0
DA:81,0
DA:82,0
DA:83,0
DA:84,0
DA:85,0
DA:86,0
DA:87,0
DA:88,0
DA:89,0
DA:90,0
DA:91,0
DA:92,0
DA:93,0
DA:94,0
DA:95,0
DA:96,0
DA:97,0
DA:98,0
DA:99,0
DA:100,0
DA:101,0
DA:102,0
DA:103,0
DA:104,0
DA:105,0
DA:106,0
DA:107,0
DA:108,0
DA:109,0
DA:110,0
DA:111,0
DA:112,0
DA:113,0
DA:114,0
DA:115,0
DA:116,0
DA:117,0
DA:118,0
DA:119,0
DA:120,0
DA:121,0
DA:122,0
DA:123,0
DA:124,0
DA:125,0
DA:126,0
DA:127,0
DA:128,0
DA:129,0
DA:130,0
DA:131,0
DA:132,0
DA:133,0
DA:134,0
DA:135,0
DA:136,0
DA:137,0
DA:138,0
DA:139,0
DA:140,0
DA:141,0
DA:142,0
DA:143,0
DA:144,0
DA:145,0
DA:146,0
DA:147,0
DA:148,0
DA:149,0
DA:150,0
DA:151,0
DA:152,0
DA:153,0
DA:154,0
DA:155,0
DA:156,0
DA:157,0
DA:158,0
DA:159,0
DA:160,0
DA:161,0
DA:162,0
DA:163,0
DA:164,0
DA:165,0
DA:166,0
DA:167,0
DA:168,0
DA:169,0
DA:170,0
DA:171,0
DA:172,0
DA:173,0
DA:174,0
DA:175,0
DA:176,0
DA:177,0
DA:178,0
DA:179,0
DA:180,0
DA:181,0
DA:182,0
DA:183,0
DA:184,0
DA:185,0
DA:186,0
DA:187,0
DA:188,0
DA:189,0
DA:190,0
DA:191,0
DA:192,0
DA:193,0
DA:194,0
DA:195,0
DA:196,0
DA:197,0
DA:198,0
DA:199,0
DA:200,0
DA:201,0
DA:202,0
DA:203,0
DA:204,0
DA:205,0
DA:206,0
DA:207,0
DA:208,0
DA:209,0
DA:210,0
DA:211,0
DA:212,0
DA:213,0
DA:214,0
DA:215,0
DA:216,0
DA:217,0
DA:218,0
DA:219,0
DA:220,0
DA:221,0
DA:222,0
DA:223,0
DA:224,0
DA:225,0
DA:226,0
DA:227,0
DA:228,0
DA:229,0
DA:230,0
DA:231,0
DA:232,0
DA:233,0
DA:234,0
DA:235,0
DA:236,0
DA:237,0
DA:238,0
DA:239,0
DA:240,0
DA:241,0
DA:242,0
DA:243,0
DA:244,0
DA:245,0
DA:246,0
DA:247,0
DA:248,0
DA:249,0
DA:250,0
DA:251,0
DA:254,4
DA:256,79
DA:257,34
DA:258,0
DA:259,0
DA:260,0
DA:261,0
DA:262,0
DA:263,0
DA:264,0
DA:265,0
DA:266,0
DA:267,0
DA:268,0
DA:269,0
DA:270,0
DA:271,0
DA:272,0
DA:273,0
DA:275,0
DA:276,0
DA:277,0
DA:278,0
DA:279,0
DA:280,2
DA:281,45
DA:282,47
DA:284,38
DA:285,0
DA:286,2
DA:287,42
DA:288,11
DA:289,17
DA:290,47
DA:291,13
DA:292,1
DA:293,4
DA:296,21
DA:297,0
DA:298,0
DA:299,0
DA:300,0
DA:301,0
DA:302,0
DA:303,0
DA:304,0
DA:305,0
DA:306,0
DA:307,2
DA:308,48
DA:311,22
DA:312,52
DA:313,38
DA:314,0
DA:315,0
DA:317,0
DA:318,0
DA:319,0
DA:320,0
DA:321,0
DA:322,0
DA:323,0
DA:324,0
DA:325,0
DA:326,0
DA:327,0
DA:328,0
DA:329,0
DA:330,0
DA:331,0
DA:332,0
DA:333,0
DA:334,0
DA:335,0
DA:336,0
DA:337,0
DA:338,0
DA:339,0
DA:340,0
DA:341,0
DA:342,0
DA:343,0
DA:344,0
DA:345,0
DA:346,0
DA:347,0
DA:348,0
DA:349,0
DA:351,0
DA:352,0
DA:353,0
DA:354,0
DA:355,0
DA:356,0
DA:357,0
DA:358,0
DA:359,0
DA:360,0
DA:361,0
DA:362,0
DA:363,0
DA:364,0
DA:365,0
DA:366,0
DA:367,0
DA:368,0
DA:369,0
DA:370,0
DA:371,0
DA:373,0
LF:347
LH:47
end_of_record
TN:
SF:src\babel-plugin-jsx-dom-expressions\babel-plugin-jsx-dom-expressions\shared\fragment.ts
FNF:1
FNH:0
DA:1,34
DA:2,39
DA:3,63
DA:4,56
DA:6,0
DA:7,0
DA:8,0
DA:9,0
DA:10,0
DA:11,0
DA:12,0
DA:13,0
DA:14,0
DA:15,0
DA:16,0
DA:17,0
DA:18,0
DA:19,0
DA:20,0
DA:21,0
DA:22,0
DA:23,0
DA:24,1
LF:23
LH:5
end_of_record
TN:
SF:src\babel-plugin-jsx-dom-expressions\babel-plugin-jsx-dom-expressions\shared\postprocess.ts
FNF:4
FNH:4
DA:1,34
DA:2,72
DA:3,72
DA:4,66
DA:5,44
DA:8,33
DA:9,20
DA:11,32
DA:12,20
DA:13,22
DA:14,17
DA:15,21
DA:16,6
DA:17,18
DA:18,41
DA:19,3
DA:20,7
DA:21,18
DA:22,63
DA:23,5
DA:24,1
DA:25,1
DA:26,1
DA:27,4
DA:28,2
DA:29,43
DA:30,50
DA:31,58
DA:32,54
DA:34,40
DA:35,47
DA:36,11
DA:37,0
DA:38,0
DA:39,0
DA:40,0
DA:41,0
DA:42,0
DA:44,8
DA:45,6
DA:46,4
DA:47,4
DA:48,51
DA:49,32
DA:50,6
DA:51,51
DA:52,32
DA:53,6
DA:54,70
DA:55,68
DA:56,3
LF:51
LH:45
end_of_record
TN:
SF:src\babel-plugin-jsx-dom-expressions\babel-plugin-jsx-dom-expressions\shared\preprocess.ts
FNF:1
FNH:1
DA:1,30
DA:3,33
DA:4,61
DA:5,4
DA:6,8
DA:7,10
DA:8,4
DA:9,41
DA:10,8
DA:11,0
DA:12,0
DA:13,0
DA:14,0
DA:15,0
DA:16,0
DA:17,0
DA:18,0
DA:19,0
DA:20,0
DA:21,0
DA:22,0
DA:23,0
DA:24,0
DA:25,3
LF:24
LH:10
end_of_record
TN:
SF:src\babel-plugin-jsx-dom-expressions\babel-plugin-jsx-dom-expressions\shared\transform.ts
FNF:11
FNH:7
DA:1,34
DA:2,73
DA:3,70
DA:4,73
DA:5,70
DA:6,85
DA:7,82
DA:8,45
DA:9,51
DA:10,148
DA:21,22
DA:22,20
DA:24,33
DA:26,38
DA:27,29
DA:28,6
DA:29,28
DA:30,2
DA:31,5
DA:32,19
DA:33,19
DA:34,1
DA:35,3
DA:37,59
DA:39,59
DA:41,18
DA:42,14
DA:43,4
DA:44,29
DA:45,32
DA:46,66
DA:47,0
DA:48,0
DA:49,6
DA:51,4
DA:54,0
DA:55,0
DA:56,0
DA:57,0
DA:58,0
DA:62,10
DA:63,48
DA:64,13
DA:65,18
DA:66,0
DA:67,0
DA:68,0
DA:69,0
DA:70,0
DA:71,4
DA:73,0
DA:74,0
DA:75,0
DA:76,0
DA:77,0
DA:78,0
DA:79,0
DA:80,0
DA:81,0
DA:82,0
DA:83,0
DA:84,0
DA:85,0
DA:86,0
DA:87,0
DA:88,2
DA:90,5
DA:91,21
DA:92,11
DA:93,0
DA:94,0
DA:95,0
DA:96,0
DA:97,0
DA:98,0
DA:99,0
DA:100,0
DA:101,0
DA:102,0
DA:103,0
DA:104,0
DA:105,0
DA:106,0
DA:107,0
DA:109,0
DA:110,0
DA:111,0
DA:112,0
DA:113,0
DA:114,0
DA:116,4
DA:117,12
DA:121,26
DA:122,33
DA:123,25
DA:124,18
DA:125,30
DA:126,43
DA:127,32
DA:128,0
DA:130,0
DA:131,0
DA:132,10
DA:133,22
DA:134,51
DA:135,0
DA:136,0
DA:137,0
DA:138,0
DA:139,0
DA:140,0
DA:141,0
DA:142,0
DA:143,0
DA:144,0
DA:145,0
DA:146,0
DA:147,0
DA:148,0
DA:149,0
DA:150,0
DA:151,0
DA:152,0
DA:153,0
DA:154,48
DA:155,53
DA:156,4
DA:157,42
DA:158,24
DA:159,39
DA:160,32
DA:161,3
DA:162,7
DA:163,49
DA:164,4
DA:165,13
DA:166,27
DA:167,30
DA:168,42
DA:169,45
DA:170,0
DA:171,0
DA:172,0
DA:173,2
DA:174,25
DA:175,52
DA:176,39
DA:177,47
DA:178,49
DA:179,40
DA:180,22
DA:181,4
DA:182,14
DA:183,7
DA:184,17
DA:185,0
DA:186,0
DA:187,0
DA:188,0
DA:189,0
DA:190,0
DA:191,0
DA:192,0
DA:193,2
DA:194,12
DA:195,19
DA:196,17
DA:197,1
DA:198,0
DA:199,0
DA:200,0
DA:201,0
DA:202,0
DA:203,0
DA:205,0
DA:206,0
DA:207,0
DA:208,0
DA:209,0
DA:210,0
DA:211,0
DA:212,1
DA:215,31
DA:216,4
DA:217,47
DA:218,26
DA:219,5
DA:220,24
DA:221,2
DA:223,64
DA:224,24
DA:225,0
DA:227,0
DA:230,29
DA:231,25
DA:232,33
DA:234,61
DA:239,0
DA:241,4
DA:243,75
DA:244,38
DA:245,2
DA:247,44
DA:248,38
DA:249,0
DA:251,0
LF:206
LH:107
end_of_record
TN:
SF:src\babel-plugin-jsx-dom-expressions\babel-plugin-jsx-dom-expressions\shared\utils.ts
FNF:36
FNH:16
DA:1,56
DA:2,34
DA:4,44
DA:5,10
DA:6,7
DA:7,14
DA:8,10
DA:9,8
DA:10,9
DA:11,9
DA:12,7
DA:13,3
DA:15,38
DA:16,10
DA:17,10
DA:18,8
DA:19,9
DA:20,9
DA:21,7
DA:22,3
DA:24,15
DA:25,37
DA:28,54
DA:29,33
DA:30,43
DA:33,33
DA:34,16
DA:35,47
DA:36,56
DA:37,56
DA:38,47
DA:39,49
DA:40,25
DA:41,7
DA:42,45
DA:43,9
DA:44,0
DA:45,0
DA:49,0
DA:53,10
DA:54,34
DA:55,0
DA:56,2
DA:57,57
DA:58,16
DA:59,0
DA:60,0
DA:63,0
DA:64,0
DA:65,0
DA:66,0
DA:67,0
DA:68,0
DA:69,0
DA:70,0
DA:71,1
DA:74,14
DA:75,42
DA:76,39
DA:79,18
DA:80,7
DA:81,57
DA:82,25
DA:83,29
DA:87,0
DA:88,0
DA:89,0
DA:90,0
DA:91,0
DA:92,0
DA:93,0
DA:94,0
DA:95,1
DA:98,6
DA:99,8
DA:100,63
DA:101,3
DA:102,33
DA:103,45
DA:104,24
DA:105,31
DA:106,2
DA:107,25
DA:108,28
DA:109,4
DA:110,24
DA:111,27
DA:112,61
DA:113,0
DA:114,0
DA:115,2
DA:117,4
DA:118,25
DA:119,28
DA:120,36
DA:121,36
DA:122,5
DA:123,11
DA:124,2
DA:126,46
DA:128,0
DA:130,0
DA:131,0
DA:132,0
DA:133,0
DA:134,0
DA:135,0
DA:136,0
DA:137,0
DA:138,0
DA:139,0
DA:140,0
DA:142,0
DA:143,0
DA:144,0
DA:145,0
DA:147,0
DA:148,2
DA:150,4
DA:151,16
DA:152,38
DA:153,27
DA:154,54
DA:155,0
DA:156,0
DA:157,2
DA:159,4
DA:160,14
DA:161,71
DA:162,0
DA:163,0
DA:164,2
DA:166,14
DA:167,18
DA:168,0
DA:169,0
DA:170,0
DA:171,0
DA:172,0
DA:173,0
DA:174,0
DA:175,0
DA:176,0
DA:177,4
DA:179,0
DA:180,4
DA:182,0
DA:183,4
DA:185,0
DA:186,4
DA:188,0
DA:189,4
DA:191,0
DA:192,4
DA:194,0
DA:195,4
DA:197,0
DA:198,4
DA:200,0
DA:201,0
DA:202,0
DA:203,2
DA:205,5
DA:206,15
DA:209,15
DA:210,25
DA:211,18
DA:212,7
DA:213,36
DA:214,31
DA:215,41
DA:216,45
DA:217,68
DA:218,59
DA:219,6
DA:224,19
DA:225,22
DA:226,21
DA:227,2
DA:228,37
DA:229,46
DA:231,59
DA:232,2
DA:235,19
DA:236,12
DA:237,31
DA:238,28
DA:239,2
DA:240,37
DA:241,46
DA:243,23
DA:244,34
DA:245,33
DA:246,6
DA:247,4
DA:248,13
DA:251,0
DA:252,0
DA:253,0
DA:254,0
DA:255,0
DA:256,0
DA:257,0
DA:258,0
DA:259,0
DA:260,1
DA:263,15
DA:264,34
DA:267,0
DA:268,1
DA:271,0
DA:272,1
DA:275,27
DA:276,24
DA:277,10
DA:278,20
DA:279,0
DA:280,0
DA:281,0
DA:282,0
DA:283,0
DA:284,0
DA:285,0
DA:286,2
DA:287,28
DA:288,0
DA:289,0
DA:290,0
DA:291,0
DA:292,0
DA:293,0
DA:294,0
DA:295,1
DA:298,0
DA:299,0
DA:300,0
DA:301,0
DA:302,0
DA:303,0
DA:304,0
DA:305,0
DA:306,0
DA:307,0
DA:308,0
DA:309,0
DA:310,0
DA:311,0
DA:312,0
DA:313,0
DA:314,0
DA:315,0
DA:316,0
DA:317,0
DA:318,0
DA:319,0
DA:320,0
DA:321,0
DA:322,0
DA:323,0
DA:324,0
DA:325,0
DA:326,0
DA:327,0
DA:328,0
DA:329,0
DA:330,0
DA:331,0
DA:332,0
DA:333,0
DA:334,0
DA:335,0
DA:336,0
DA:337,0
DA:338,0
DA:339,0
DA:340,0
DA:341,0
DA:342,0
DA:343,0
DA:344,0
DA:345,0
DA:346,0
DA:347,0
DA:348,0
DA:349,0
DA:350,0
DA:351,0
DA:352,0
DA:353,0
DA:354,0
DA:355,0
DA:356,0
DA:357,0
DA:358,0
DA:359,0
DA:360,0
DA:361,0
DA:362,0
DA:363,0
DA:364,0
DA:365,0
DA:366,0
DA:367,0
DA:368,0
DA:369,0
DA:370,0
DA:371,0
DA:372,0
DA:373,0
DA:374,0
DA:375,0
DA:376,0
DA:377,0
DA:378,0
DA:379,0
DA:380,0
DA:381,0
DA:382,0
DA:383,0
DA:384,0
DA:385,0
DA:386,1
DA:389,18
DA:390,31
DA:391,25
DA:392,33
DA:393,32
DA:394,28
DA:396,38
DA:398,0
DA:399,0
DA:401,0
DA:402,0
DA:403,0
DA:404,0
DA:405,0
DA:406,0
DA:407,0
DA:408,0
DA:409,0
DA:410,0
DA:411,0
DA:413,0
DA:415,0
DA:416,0
DA:417,0
DA:418,0
DA:419,0
DA:420,0
DA:421,0
DA:422,0
DA:423,0
DA:424,0
DA:425,0
DA:426,0
DA:427,0
DA:428,0
DA:431,1
DA:434,0
DA:435,0
DA:436,0
DA:437,0
DA:438,0
DA:439,0
DA:440,0
DA:441,0
DA:442,0
DA:443,0
DA:444,0
DA:445,0
DA:446,0
DA:447,0
DA:448,0
DA:449,0
DA:450,1
DA:453,0
DA:454,0
DA:455,0
DA:456,0
DA:457,0
DA:458,0
DA:459,0
DA:460,0
DA:461,0
DA:462,1
DA:465,71
DA:466,26
DA:468,0
DA:469,0
DA:470,0
DA:471,0
DA:472,0
DA:473,0
DA:474,0
DA:475,0
DA:476,0
DA:477,0
DA:478,1
DA:481,14
DA:482,0
DA:484,2
DA:487,34
DA:488,15
DA:489,15
DA:490,17
DA:491,14
DA:492,16
DA:493,16
DA:494,16
DA:495,16
DA:496,16
DA:497,24
DA:498,22
DA:499,2
LF:414
LH:173
end_of_record
TN:
SF:src\babel-plugin-jsx-dom-expressions\babel-plugin-jsx-dom-expressions\shared\validate.ts
FNF:2
FNH:2
DA:1,33
DA:4,32
DA:5,56
DA:7,30
DA:9,18
DA:11,73
DA:14,40
DA:26,15
DA:27,12
DA:30,29
DA:31,31
DA:32,31
DA:39,27
DA:40,27
DA:42,32
DA:51,42
DA:56,28
DA:57,0
DA:58,2
DA:61,23
DA:62,0
DA:63,2
DA:66,24
DA:67,0
DA:68,2
DA:71,57
DA:72,0
DA:73,2
DA:76,18
DA:78,0
DA:79,0
DA:80,0
DA:81,0
DA:82,0
DA:83,2
DA:87,34
DA:89,49
DA:90,0
DA:91,0
DA:92,0
DA:93,0
DA:94,1
LF:42
LH:29
end_of_record
TN:
SF:src\babel-plugin-jsx-dom-expressions\babel-plugin-jsx-dom-expressions\ssr\element.ts
FNF:24
FNH:13
DA:1,34
DA:2,39
DA:3,110
DA:9,71
DA:10,211
DA:23,43
DA:24,43
DA:26,21
DA:27,12
DA:28,25
DA:29,0
DA:30,2
DA:31,41
DA:32,31
DA:35,21
DA:36,33
DA:37,40
DA:38,53
DA:41,4
DA:42,76
DA:44,2
DA:46,52
DA:47,15
DA:48,30
DA:49,23
DA:50,21
DA:51,14
DA:52,17
DA:53,12
DA:54,37
DA:55,17
DA:56,4
DA:58,39
DA:59,0
DA:60,0
DA:61,0
DA:62,0
DA:63,0
DA:64,0
DA:65,0
DA:66,0
DA:67,0
DA:68,0
DA:69,0
DA:70,0
DA:71,0
DA:72,0
DA:73,0
DA:74,0
DA:75,0
DA:76,0
DA:77,0
DA:78,0
DA:79,0
DA:80,0
DA:81,0
DA:82,0
DA:83,0
DA:84,0
DA:85,0
DA:86,2
DA:87,61
DA:88,42
DA:89,18
DA:90,61
DA:91,54
DA:92,2
DA:93,14
DA:96,16
DA:97,28
DA:98,38
DA:99,10
DA:102,0
DA:103,0
DA:104,0
DA:105,0
DA:106,0
DA:107,0
DA:108,0
DA:109,0
DA:110,0
DA:111,0
DA:112,0
DA:113,0
DA:114,0
DA:115,0
DA:116,0
DA:117,0
DA:118,0
DA:119,0
DA:120,0
DA:121,0
DA:122,0
DA:123,0
DA:124,0
DA:125,0
DA:126,0
DA:127,0
DA:132,44
DA:133,4
DA:134,33
DA:135,34
DA:136,71
DA:137,0
DA:138,0
DA:139,0
DA:140,0
DA:141,0
DA:142,0
DA:143,0
DA:144,0
DA:145,0
DA:146,0
DA:147,35
DA:148,0
DA:149,0
DA:150,0
DA:151,0
DA:153,0
DA:154,0
DA:155,0
DA:156,0
DA:157,0
DA:158,0
DA:159,0
DA:160,0
DA:161,0
DA:162,42
DA:163,0
DA:165,0
DA:166,0
DA:167,42
DA:168,0
DA:169,43
DA:170,0
DA:171,0
DA:172,0
DA:173,0
DA:174,0
DA:175,0
DA:176,0
DA:177,0
DA:178,0
DA:179,0
DA:180,0
DA:181,0
DA:182,0
DA:183,48
DA:184,0
DA:185,0
DA:186,0
DA:187,0
DA:188,0
DA:189,0
DA:190,0
DA:191,0
DA:192,0
DA:193,0
DA:194,0
DA:195,0
DA:196,0
DA:197,44
DA:198,0
DA:199,0
DA:200,0
DA:201,0
DA:202,0
DA:203,0
DA:204,0
DA:205,0
DA:206,0
DA:207,0
DA:208,0
DA:209,0
DA:210,0
DA:211,0
DA:212,0
DA:213,10
DA:214,34
DA:215,32
DA:216,0
DA:217,0
DA:218,0
DA:219,0
DA:220,0
DA:222,0
DA:223,0
DA:224,0
DA:225,0
DA:226,0
DA:227,0
DA:228,0
DA:229,0
DA:230,0
DA:231,10
DA:232,30
DA:233,37
DA:234,0
DA:235,0
DA:236,0
DA:237,3
DA:239,24
DA:240,38
DA:241,30
DA:242,1
DA:245,0
DA:246,0
DA:247,0
DA:248,0
DA:249,0
DA:250,0
DA:251,0
DA:252,0
DA:253,0
DA:254,0
DA:255,0
DA:256,0
DA:257,0
DA:258,0
DA:259,0
DA:260,0
DA:261,0
DA:262,0
DA:263,0
DA:264,0
DA:265,0
DA:266,0
DA:267,0
DA:268,0
DA:269,0
DA:270,0
DA:271,0
DA:272,0
DA:273,0
DA:274,0
DA:275,0
DA:280,10
DA:281,65
DA:282,35
DA:283,7
DA:284,38
DA:285,37
DA:286,3
DA:287,44
DA:288,7
DA:289,38
DA:290,37
DA:291,4
DA:292,39
DA:293,2
DA:294,41
DA:295,7
DA:296,16
DA:297,32
DA:298,36
DA:299,32
DA:300,4
DA:302,31
DA:303,0
DA:304,0
DA:305,0
DA:306,0
DA:307,0
DA:308,0
DA:309,0
DA:310,0
DA:311,0
DA:312,0
DA:313,0
DA:314,0
DA:315,0
DA:316,0
DA:317,0
DA:318,0
DA:319,0
DA:320,0
DA:321,0
DA:322,0
DA:323,0
DA:324,0
DA:325,0
DA:326,0
DA:327,0
DA:328,0
DA:329,0
DA:330,0
DA:331,0
DA:332,0
DA:333,0
DA:334,0
DA:335,0
DA:336,0
DA:338,0
DA:339,0
DA:340,0
DA:341,0
DA:342,2
DA:343,30
DA:344,2
DA:345,17
DA:348,25
DA:349,39
DA:350,34
DA:351,45
DA:352,41
DA:353,15
DA:355,38
DA:356,32
DA:358,24
DA:359,40
DA:360,2
DA:361,15
DA:362,20
DA:363,36
DA:364,53
DA:365,5
DA:366,57
DA:367,29
DA:368,35
DA:369,0
DA:370,0
DA:371,0
DA:372,0
DA:373,4
DA:375,4
DA:376,38
DA:377,21
DA:378,28
DA:379,2
DA:380,39
DA:381,40
DA:382,39
DA:384,7
DA:385,4
DA:386,17
DA:387,26
DA:388,27
DA:389,28
DA:391,6
DA:392,0
DA:393,0
DA:394,0
DA:395,0
DA:396,0
DA:397,0
DA:398,0
DA:399,0
DA:400,0
DA:401,0
DA:402,0
DA:403,0
DA:404,0
DA:405,0
DA:406,0
DA:407,0
DA:408,0
DA:409,0
DA:410,0
DA:411,0
DA:412,0
DA:413,0
DA:414,0
DA:415,0
DA:416,0
DA:417,0
DA:418,0
DA:419,0
DA:420,0
DA:421,0
DA:422,0
DA:423,0
DA:424,0
DA:425,0
DA:426,0
DA:427,0
DA:428,0
DA:429,0
DA:430,0
DA:431,0
DA:432,0
DA:434,0
DA:436,0
DA:437,0
DA:438,0
DA:439,0
DA:440,0
DA:441,0
DA:442,0
DA:443,0
DA:444,0
DA:445,0
DA:447,0
DA:448,0
DA:449,0
DA:450,0
DA:451,0
DA:452,0
DA:453,0
DA:454,0
DA:455,0
DA:456,0
DA:457,0
DA:458,0
DA:459,0
DA:460,0
DA:461,0
DA:462,0
DA:463,0
DA:464,0
DA:465,0
DA:466,0
DA:467,0
DA:468,0
DA:469,0
DA:470,0
DA:472,0
DA:473,0
DA:474,0
DA:475,0
DA:476,0
DA:478,0
DA:479,0
DA:480,0
DA:481,0
DA:482,0
DA:483,0
DA:485,13
DA:486,39
DA:487,51
DA:488,36
DA:489,51
DA:490,74
DA:491,52
DA:492,24
DA:493,41
DA:494,39
DA:495,0
DA:496,0
DA:497,0
DA:498,0
DA:499,6
DA:501,17
DA:502,18
DA:504,53
DA:505,7
DA:507,4
DA:508,29
DA:509,0
DA:510,1
DA:513,0
DA:514,0
DA:515,0
DA:516,0
DA:517,0
DA:518,0
DA:519,0
DA:520,0
DA:521,0
DA:522,0
DA:523,0
DA:524,0
DA:525,0
DA:526,0
DA:527,0
DA:528,0
DA:529,0
DA:530,0
DA:531,0
DA:532,0
DA:533,0
DA:534,0
DA:535,0
DA:536,0
DA:537,0
DA:538,0
DA:539,0
DA:540,0
DA:541,0
DA:542,0
DA:543,0
DA:544,0
DA:545,0
DA:546,0
DA:547,0
DA:548,0
DA:552,35
DA:553,39
DA:554,64
DA:555,45
DA:556,32
DA:557,39
DA:558,66
DA:559,0
DA:560,0
DA:561,0
DA:562,0
DA:563,0
DA:564,0
DA:565,0
DA:566,0
DA:567,0
DA:568,0
DA:569,0
DA:570,0
DA:571,0
DA:572,0
DA:573,0
DA:574,0
DA:575,0
DA:576,0
DA:577,0
DA:578,0
DA:579,4
DA:580,55
DA:581,20
DA:582,55
DA:583,34
DA:584,24
DA:585,26
DA:586,6
DA:587,30
DA:588,48
DA:589,61
DA:592,36
DA:593,0
DA:594,0
DA:595,0
DA:596,0
DA:597,15
DA:598,34
DA:599,54
DA:601,2
DA:602,3
DA:605,0
DA:606,0
DA:607,0
DA:608,0
DA:609,0
DA:610,0
DA:611,0
DA:612,0
DA:613,0
DA:614,0
DA:615,0
DA:616,0
DA:617,0
DA:618,0
DA:619,0
DA:620,0
DA:621,0
DA:622,0
DA:623,0
DA:624,0
DA:625,0
DA:626,0
DA:627,0
DA:628,0
DA:629,0
DA:630,0
DA:631,0
DA:632,0
DA:633,0
DA:634,0
DA:635,0
DA:636,0
DA:637,0
DA:638,0
DA:639,0
DA:640,0
DA:641,0
DA:642,0
DA:643,0
DA:644,0
DA:645,0
DA:646,0
DA:647,0
DA:648,0
DA:649,0
DA:650,0
DA:651,0
DA:652,0
DA:653,0
DA:654,0
DA:655,0
DA:656,0
DA:657,0
DA:658,0
DA:659,0
DA:660,0
DA:661,0
DA:662,0
DA:663,0
DA:664,0
DA:665,0
DA:666,0
DA:667,0
DA:668,0
DA:669,0
DA:670,0
DA:671,0
DA:672,0
DA:673,0
DA:674,0
DA:675,0
DA:676,0
DA:677,0
DA:678,0
DA:679,0
DA:680,0
DA:681,0
DA:682,0
DA:683,0
DA:684,0
DA:685,0
DA:686,0
DA:687,0
DA:688,0
DA:689,0
DA:690,0
DA:691,0
DA:692,0
DA:693,0
DA:694,0
DA:695,0
DA:696,0
DA:697,0
DA:698,0
DA:699,0
DA:700,0
DA:701,0
DA:702,0
DA:703,0
DA:704,0
DA:705,0
DA:706,0
DA:707,0
DA:708,0
DA:709,0
DA:710,0
DA:711,0
DA:712,0
DA:713,0
DA:714,0
DA:715,0
DA:716,0
DA:717,0
DA:718,0
DA:719,0
DA:720,0
DA:721,0
DA:722,0
DA:723,0
DA:724,0
LF:653
LH:169
end_of_record
TN:
SF:src\babel-plugin-jsx-dom-expressions\babel-plugin-jsx-dom-expressions\ssr\template.ts
FNF:5
FNH:4
DA:1,34
DA:2,55
DA:4,23
DA:5,21
DA:6,0
DA:7,2
DA:9,19
DA:11,36
DA:12,0
DA:13,39
DA:14,0
DA:15,11
DA:16,71
DA:17,43
DA:20,18
DA:21,49
DA:22,53
DA:23,0
DA:24,0
DA:25,0
DA:26,0
DA:27,0
DA:28,0
DA:29,0
DA:31,4
DA:32,16
DA:33,51
DA:34,22
DA:35,9
DA:36,15
DA:37,40
DA:38,19
DA:39,5
DA:40,2
DA:42,22
DA:43,0
DA:44,0
DA:45,0
DA:46,0
DA:47,0
DA:48,0
DA:49,0
DA:50,0
DA:52,0
DA:53,0
DA:54,0
DA:55,0
DA:56,0
DA:57,0
DA:58,0
DA:59,0
DA:60,0
DA:61,0
DA:62,2
DA:63,24
DA:64,35
DA:65,62
DA:66,30
DA:67,0
DA:68,1
DA:71,26
DA:72,52
DA:73,59
DA:74,4
DA:75,67
LF:65
LH:36
end_of_record
TN:
SF:src\babel-plugin-jsx-dom-expressions\babel-plugin-jsx-dom-expressions\universal\element.js
FNF:6
FNH:0
DA:1,34
DA:2,52
DA:3,231
DA:17,0
DA:18,0
DA:19,0
DA:20,0
DA:21,0
DA:22,0
DA:23,0
DA:24,0
DA:25,0
DA:26,0
DA:27,0
DA:28,0
DA:29,0
DA:30,0
DA:31,0
DA:32,0
DA:33,0
DA:34,0
DA:35,0
DA:36,0
DA:37,0
DA:38,0
DA:39,0
DA:40,0
DA:41,0
DA:42,0
DA:43,0
DA:44,0
DA:45,0
DA:49,0
DA:50,0
DA:51,0
DA:52,0
DA:53,0
DA:54,0
DA:55,0
DA:56,0
DA:57,0
DA:58,0
DA:59,0
DA:60,0
DA:61,0
DA:62,0
DA:63,0
DA:64,0
DA:65,0
DA:66,0
DA:67,0
DA:68,0
DA:69,0
DA:70,0
DA:71,0
DA:72,0
DA:73,0
DA:74,0
DA:75,0
DA:76,0
DA:77,0
DA:78,0
DA:79,0
DA:80,0
DA:81,0
DA:82,0
DA:83,0
DA:84,0
DA:85,0
DA:86,0
DA:87,0
DA:88,0
DA:89,0
DA:90,0
DA:91,0
DA:92,0
DA:93,0
DA:94,0
DA:95,0
DA:96,0
DA:97,0
DA:98,0
DA:99,0
DA:100,0
DA:101,0
DA:102,0
DA:103,0
DA:104,0
DA:105,0
DA:106,0
DA:107,0
DA:108,0
DA:109,0
DA:110,0
DA:111,0
DA:112,0
DA:113,0
DA:114,0
DA:115,0
DA:116,0
DA:117,0
DA:118,0
DA:119,0
DA:120,0
DA:121,0
DA:122,0
DA:123,0
DA:124,0
DA:125,0
DA:126,0
DA:127,0
DA:128,0
DA:129,0
DA:130,0
DA:131,0
DA:132,0
DA:133,0
DA:134,0
DA:135,0
DA:136,0
DA:137,0
DA:138,0
DA:139,0
DA:140,0
DA:141,0
DA:142,0
DA:143,0
DA:144,0
DA:145,0
DA:146,0
DA:147,0
DA:148,0
DA:149,0
DA:150,0
DA:151,0
DA:152,0
DA:153,0
DA:154,0
DA:155,0
DA:156,0
DA:157,0
DA:158,0
DA:159,0
DA:160,0
DA:161,0
DA:162,0
DA:163,0
DA:164,0
DA:165,0
DA:166,0
DA:167,0
DA:168,0
DA:169,0
DA:170,0
DA:171,0
DA:172,0
DA:173,0
DA:174,0
DA:175,0
DA:176,0
DA:177,0
DA:178,0
DA:179,0
DA:180,0
DA:181,0
DA:182,0
DA:183,0
DA:184,0
DA:185,0
DA:186,0
DA:187,0
DA:188,0
DA:189,0
DA:190,0
DA:191,0
DA:192,0
DA:193,0
DA:194,0
DA:195,0
DA:196,0
DA:197,0
DA:198,0
DA:199,0
DA:200,0
DA:201,0
DA:202,0
DA:203,0
DA:204,0
DA:205,0
DA:206,0
DA:207,0
DA:208,0
DA:209,0
DA:210,0
DA:211,0
DA:212,0
DA:213,0
DA:214,0
DA:215,0
DA:216,0
DA:217,0
DA:218,1
DA:221,0
DA:222,0
DA:223,0
DA:224,0
DA:225,0
DA:226,0
DA:227,0
DA:228,0
DA:229,0
DA:230,0
DA:231,0
DA:235,0
DA:236,0
DA:237,0
DA:238,0
DA:239,0
DA:240,0
DA:241,0
DA:242,0
DA:243,0
DA:244,0
DA:245,0
DA:246,0
DA:247,0
DA:248,0
DA:249,0
DA:250,0
DA:251,0
DA:252,0
DA:253,0
DA:254,0
DA:255,0
DA:256,0
DA:257,0
DA:258,0
DA:259,0
DA:260,0
DA:261,0
DA:262,0
DA:263,0
DA:264,0
DA:265,0
DA:266,0
DA:267,0
DA:268,0
DA:269,0
DA:270,0
DA:271,0
DA:272,0
DA:273,0
DA:274,0
DA:275,0
DA:276,0
DA:277,0
DA:278,0
DA:279,0
DA:280,0
DA:281,0
DA:282,0
DA:283,0
DA:284,0
DA:285,0
DA:286,0
DA:287,0
DA:288,0
DA:289,0
DA:290,0
DA:291,0
DA:292,0
DA:293,0
DA:294,0
DA:295,0
DA:296,0
DA:297,0
DA:298,0
DA:299,0
DA:300,0
DA:301,0
DA:302,0
DA:303,0
DA:304,0
DA:305,0
DA:306,0
DA:307,0
DA:308,0
DA:309,0
DA:310,0
DA:311,0
DA:312,0
DA:313,0
DA:314,0
DA:315,0
DA:316,0
DA:317,0
DA:318,0
DA:319,0
DA:320,0
DA:321,0
DA:322,0
DA:323,0
DA:324,0
DA:325,0
DA:326,0
DA:327,0
DA:328,0
DA:329,0
DA:333,0
DA:334,0
DA:335,0
DA:340,0
DA:341,0
DA:342,0
DA:343,0
DA:344,0
DA:345,0
DA:346,0
DA:347,0
DA:348,0
DA:349,0
DA:350,0
DA:351,0
DA:352,0
DA:353,0
DA:354,0
DA:355,0
DA:356,0
DA:357,0
DA:358,0
DA:359,0
DA:360,0
DA:361,0
DA:362,0
DA:363,0
DA:364,0
DA:365,0
DA:366,0
DA:367,0
DA:368,0
DA:369,0
DA:370,0
DA:371,0
DA:372,0
DA:373,0
DA:374,0
DA:375,0
DA:376,0
DA:377,0
DA:378,0
DA:379,0
DA:380,0
DA:381,0
DA:382,0
DA:383,0
DA:384,0
DA:385,0
DA:386,0
DA:387,0
DA:388,0
DA:389,0
DA:390,0
DA:391,0
DA:392,0
DA:393,0
DA:394,0
DA:395,0
DA:396,0
DA:397,0
DA:398,0
DA:399,0
DA:400,0
DA:401,0
DA:402,0
DA:403,0
DA:404,0
DA:405,0
DA:406,0
DA:407,0
DA:408,0
DA:409,0
DA:410,0
DA:411,0
DA:412,0
DA:413,0
DA:414,0
DA:415,0
DA:416,0
DA:417,0
DA:418,0
DA:419,0
DA:420,0
DA:421,0
DA:422,0
DA:423,0
DA:424,0
DA:425,0
DA:426,0
DA:427,0
DA:428,0
DA:429,0
DA:430,0
DA:431,0
DA:432,0
DA:433,0
DA:434,0
DA:435,0
DA:436,0
DA:437,0
DA:438,0
DA:439,0
DA:440,0
LF:412
LH:4
end_of_record
TN:
SF:src\babel-plugin-jsx-dom-expressions\babel-plugin-jsx-dom-expressions\universal\template.js
FNF:2
FNH:0
DA:1,34
DA:2,83
DA:7,36
DA:9,0
DA:10,0
DA:11,0
DA:12,0
DA:13,0
DA:14,0
DA:15,0
DA:16,0
DA:17,0
DA:18,0
DA:19,0
DA:20,0
DA:21,0
DA:22,0
DA:23,0
DA:24,0
DA:25,0
DA:26,0
DA:27,0
DA:28,0
DA:29,0
DA:30,0
DA:31,0
DA:32,0
DA:33,0
DA:34,0
DA:35,0
DA:36,0
DA:37,0
DA:38,0
DA:39,0
DA:40,0
DA:41,0
DA:42,0
DA:43,0
DA:47,0
DA:48,0
DA:49,0
DA:50,0
DA:51,0
DA:52,0
DA:53,0
DA:54,0
DA:55,0
DA:56,0
DA:57,0
DA:58,0
DA:59,0
DA:60,0
DA:61,0
DA:62,0
DA:63,0
DA:64,0
DA:65,0
DA:66,0
DA:67,0
DA:68,0
DA:69,0
DA:70,0
DA:71,0
DA:72,0
DA:73,0
DA:74,0
DA:75,0
DA:76,0
DA:77,0
DA:78,0
DA:79,0
DA:80,0
DA:81,0
DA:82,0
DA:83,0
DA:84,0
DA:85,0
DA:86,0
DA:87,0
DA:88,0
DA:89,0
DA:90,0
DA:91,0
DA:92,0
DA:93,0
DA:94,0
DA:95,0
DA:96,0
DA:97,0
DA:98,0
DA:99,0
DA:100,0
DA:101,0
DA:102,0
DA:103,0
DA:104,0
DA:105,0
DA:106,0
DA:107,0
DA:108,0
DA:109,0
DA:110,0
DA:111,0
DA:112,0
DA:113,0
DA:114,0
DA:115,0
DA:116,0
DA:117,0
DA:118,0
LF:110
LH:3
end_of_record
TN:
SF:src\babel-plugin-jsx-dom-expressions\dom-expressions\constants.js
FNF:1
FNH:0
DA:2,19
DA:3,20
DA:4,10
DA:5,10
DA:6,14
DA:7,13
DA:8,12
DA:9,13
DA:10,12
DA:11,13
DA:12,19
DA:13,11
DA:14,18
DA:15,10
DA:16,10
DA:17,9
DA:18,13
DA:19,10
DA:20,13
DA:21,15
DA:22,9
DA:23,16
DA:24,13
DA:25,13
DA:26,13
DA:27,13
DA:28,13
DA:30,21
DA:31,19
DA:32,19
DA:33,19
DA:34,17
DA:35,20
DA:36,10
DA:37,28
DA:38,26
DA:39,19
DA:40,23
DA:41,36
DA:42,29
DA:43,27
DA:44,24
DA:45,2
DA:47,44
DA:49,29
DA:51,14
DA:52,10
DA:55,13
DA:56,15
DA:57,19
DA:58,10
DA:59,13
DA:60,16
DA:62,21
DA:63,20
DA:64,19
DA:65,19
DA:66,17
DA:67,20
DA:68,28
DA:69,26
DA:70,19
DA:71,23
DA:72,36
DA:73,29
DA:74,27
DA:75,26
DA:77,12
DA:78,3
DA:80,34
DA:81,14
DA:82,16
DA:83,14
DA:84,11
DA:85,3
DA:88,53
DA:89,21
DA:90,15
DA:91,3
DA:93,57
DA:95,21
DA:98,17
DA:99,20
DA:100,9
DA:101,4
DA:102,21
DA:103,24
DA:104,14
DA:105,10
DA:106,4
DA:107,12
DA:108,15
DA:109,8
DA:110,4
DA:111,15
DA:112,18
DA:113,11
DA:114,4
DA:115,18
DA:116,21
DA:117,10
DA:118,4
DA:119,15
DA:120,18
DA:121,13
DA:122,13
DA:123,4
DA:125,23
DA:126,26
DA:127,11
DA:128,4
DA:129,22
DA:130,25
DA:131,11
DA:132,4
DA:133,21
DA:134,24
DA:135,8
DA:136,4
DA:137,21
DA:138,24
DA:139,10
DA:140,4
DA:141,19
DA:142,22
DA:143,13
DA:144,10
DA:145,4
DA:146,22
DA:147,25
DA:148,11
DA:149,4
DA:150,30
DA:151,33
DA:152,10
DA:153,4
DA:154,28
DA:155,31
DA:156,13
DA:157,10
DA:158,4
DA:159,21
DA:160,24
DA:161,13
DA:162,10
DA:163,4
DA:164,25
DA:165,28
DA:166,13
DA:167,4
DA:168,31
DA:169,34
DA:170,13
DA:171,4
DA:172,29
DA:173,32
DA:174,13
DA:175,4
DA:176,28
DA:177,31
DA:178,14
DA:179,8
DA:180,2
DA:181,2
DA:183,0
DA:184,0
DA:185,1
DA:189,34
DA:190,16
DA:191,10
DA:192,13
DA:193,16
DA:194,12
DA:195,13
DA:196,10
DA:197,12
DA:198,10
DA:199,14
DA:200,14
DA:201,13
DA:202,14
DA:203,12
DA:204,16
DA:205,16
DA:206,15
DA:207,16
DA:208,14
DA:209,13
DA:210,14
DA:211,13
DA:212,3
DA:214,30
DA:216,13
DA:217,16
DA:218,17
DA:219,12
DA:220,17
DA:221,18
DA:222,21
DA:223,11
DA:224,13
DA:225,18
DA:226,11
DA:227,9
DA:228,9
DA:229,12
DA:230,12
DA:231,18
DA:232,24
DA:233,16
DA:234,21
DA:235,22
DA:236,22
DA:237,19
DA:238,17
DA:239,12
DA:240,12
DA:241,12
DA:242,12
DA:243,12
DA:244,19
DA:245,12
DA:246,12
DA:247,16
DA:248,17
DA:249,13
DA:250,17
DA:251,23
DA:252,16
DA:253,11
DA:254,17
DA:255,11
DA:256,9
DA:257,14
DA:258,21
DA:259,19
DA:260,18
DA:261,18
DA:262,18
DA:263,6
DA:264,10
DA:265,13
DA:266,10
DA:267,10
DA:268,9
DA:269,19
DA:270,11
DA:271,9
DA:272,13
DA:273,18
DA:274,10
DA:275,9
DA:276,12
DA:277,12
DA:278,13
DA:279,19
DA:280,9
DA:282,8
DA:283,9
DA:285,8
DA:286,11
DA:287,11
DA:288,9
DA:289,13
DA:291,9
DA:292,10
DA:293,8
DA:294,9
DA:295,8
DA:296,3
DA:298,23
DA:299,40
DA:300,44
DA:301,2
DA:303,30
DA:304,9
DA:305,9
DA:306,9
DA:307,9
DA:308,9
DA:309,10
DA:310,10
DA:311,9
DA:312,12
DA:313,12
DA:314,10
DA:315,11
DA:316,11
DA:317,9
DA:318,8
DA:319,12
DA:320,9
DA:321,15
DA:322,7
DA:323,8
DA:324,7
DA:325,7
DA:326,15
DA:327,11
DA:328,7
DA:329,7
DA:330,7
DA:331,6
DA:332,8
DA:333,7
DA:334,6
DA:335,9
DA:336,6
DA:337,8
DA:338,8
DA:339,7
DA:340,9
DA:341,9
DA:342,9
DA:343,8
DA:344,7
DA:345,6
DA:346,8
DA:347,9
DA:348,6
DA:349,7
DA:350,7
DA:351,9
DA:352,6
DA:353,9
DA:354,10
DA:355,9
DA:356,11
DA:357,8
DA:358,8
DA:359,9
DA:360,6
DA:361,8
DA:362,8
DA:363,9
DA:364,10
DA:365,8
DA:366,8
DA:367,10
DA:368,10
DA:369,10
DA:370,11
DA:371,11
DA:372,10
DA:373,12
DA:374,11
DA:375,11
DA:376,8
DA:377,9
DA:378,11
DA:379,13
DA:380,11
DA:381,8
DA:382,8
DA:383,12
DA:384,8
DA:385,13
DA:386,10
DA:387,10
DA:388,7
DA:389,10
DA:390,7
DA:391,10
DA:392,7
DA:393,11
DA:394,13
DA:395,13
DA:396,9
DA:397,10
DA:398,10
DA:399,11
DA:400,10
DA:401,13
DA:402,11
DA:403,11
DA:404,13
DA:405,11
DA:406,13
DA:407,12
DA:408,11
DA:409,9
DA:410,12
DA:411,12
DA:412,9
DA:413,13
DA:414,12
DA:415,11
DA:416,13
DA:417,12
DA:418,8
DA:419,10
DA:420,11
DA:421,12
DA:422,8
DA:423,9
DA:424,10
DA:425,13
DA:426,11
DA:427,10
DA:428,11
DA:429,12
DA:430,13
DA:431,9
DA:432,12
DA:433,13
DA:434,14
DA:435,7
DA:436,8
DA:437,11
DA:438,11
DA:439,11
DA:440,7
DA:441,8
DA:442,6
DA:443,9
DA:444,12
DA:445,12
DA:446,11
DA:447,9
DA:448,12
DA:449,10
DA:450,10
DA:451,6
DA:452,9
DA:453,13
DA:454,8
DA:455,8
DA:456,12
DA:457,8
DA:458,10
DA:459,15
DA:460,9
DA:461,7
DA:462,11
DA:463,11
DA:464,12
DA:465,11
DA:466,9
DA:467,9
DA:468,8
DA:469,13
DA:470,12
DA:471,9
DA:472,13
DA:473,7
DA:474,8
DA:475,12
DA:476,8
DA:477,11
DA:478,8
DA:479,8
DA:480,7
DA:481,7
DA:482,7
DA:483,10
DA:484,13
DA:485,15
DA:486,11
DA:487,9
DA:488,11
DA:489,9
DA:490,10
DA:491,13
DA:492,9
DA:493,11
DA:494,11
DA:495,7
DA:496,9
DA:497,6
DA:498,11
DA:499,10
DA:500,8
DA:501,10
DA:502,8
DA:503,8
DA:504,11
DA:505,10
DA:506,11
DA:507,7
DA:508,9
DA:509,9
DA:510,8
DA:511,9
DA:512,12
DA:513,9
DA:514,13
DA:515,9
DA:516,10
DA:517,8
DA:518,9
DA:519,12
DA:520,13
DA:521,13
DA:522,11
DA:523,7
DA:524,13
DA:525,11
DA:526,11
DA:527,6
DA:528,10
DA:529,12
DA:530,14
DA:531,11
DA:532,8
DA:533,13
DA:534,6
DA:535,7
DA:536,7
DA:537,7
DA:538,8
DA:539,9
DA:540,6
DA:541,9
DA:542,11
DA:543,12
DA:544,11
DA:545,11
DA:546,9
DA:547,10
DA:548,11
DA:549,11
DA:550,9
DA:551,11
DA:552,11
DA:553,10
DA:554,8
DA:555,12
DA:556,8
DA:557,10
DA:558,10
DA:559,7
DA:560,13
DA:561,13
DA:562,10
DA:563,7
DA:564,10
DA:565,9
DA:566,10
DA:567,7
DA:568,10
DA:569,7
DA:570,6
DA:571,7
DA:572,8
DA:573,10
DA:574,8
DA:575,8
DA:576,10
DA:577,7
DA:578,7
DA:579,7
DA:580,7
DA:581,7
DA:582,7
DA:585,12
DA:588,12
DA:589,12
DA:590,13
DA:591,11
DA:592,12
DA:593,9
DA:594,3
DA:596,145
LF:563
LH:561
end_of_record
TN:
SF:src\babel-plugin-jsx-dom-expressions\index.ts
FNF:1
FNH:1
DA:1,60
LF:1
LH:1
end_of_record
TN:
SF:src\helper-annotate-as-pure\index.ts
FNF:2
FNH:0
DA:1,42
DA:3,36
DA:5,0
DA:6,0
DA:7,1
DA:9,0
DA:10,0
DA:11,0
DA:12,0
DA:13,0
DA:14,0
DA:15,0
DA:16,0
DA:17,0
DA:18,1
LF:15
LH:4
end_of_record
TN:
SF:src\helper-create-class-features-plugin\index.ts
FNF:5
FNH:0
DA:2,51
DA:3,43
DA:5,50
DA:7,2
DA:8,0
DA:9,0
DA:10,0
DA:11,0
DA:12,1
DA:14,3
DA:16,26
DA:17,0
DA:18,0
DA:19,0
DA:20,2
DA:23,0
DA:24,0
DA:25,0
DA:26,0
DA:27,1
DA:29,1
DA:36,0
DA:37,0
DA:38,0
DA:39,0
DA:40,0
DA:41,0
DA:42,0
DA:43,0
DA:44,0
DA:45,0
DA:46,0
DA:47,0
DA:48,0
DA:49,0
DA:50,0
DA:51,1
DA:58,0
DA:59,0
DA:60,0
DA:61,0
DA:62,0
DA:63,0
DA:64,0
DA:65,0
DA:66,0
DA:67,0
DA:68,0
DA:69,0
DA:70,0
DA:71,0
DA:72,0
DA:73,0
DA:74,0
DA:75,0
DA:76,0
DA:77,0
DA:78,0
DA:79,0
DA:80,0
DA:81,0
DA:82,0
DA:83,0
DA:84,0
DA:85,0
DA:86,0
DA:87,0
DA:88,0
DA:89,0
DA:90,0
DA:91,0
DA:92,0
DA:93,0
DA:94,0
DA:95,0
DA:96,0
DA:97,0
DA:98,0
DA:99,0
DA:100,0
DA:101,0
DA:102,0
DA:103,0
DA:104,0
DA:105,0
DA:106,0
DA:107,0
DA:108,0
DA:109,0
DA:110,0
DA:111,0
DA:112,0
LF:92
LH:11
end_of_record
TN:
SF:src\helper-skip-transparent-expression-wrappers\index.ts
FNF:2
FNH:0
DA:1,33
DA:16,0
DA:17,0
DA:18,0
DA:19,0
DA:20,0
DA:21,0
DA:22,0
DA:23,0
DA:24,0
DA:25,1
DA:29,0
DA:30,0
DA:31,0
DA:32,0
DA:33,0
DA:34,0
LF:17
LH:2
end_of_record
TN:
SF:src\index.ts
FNF:4
FNH:4
DA:1,34
DA:2,45
DA:4,62
DA:5,50
DA:7,28
DA:8,21
DA:9,7
DA:10,19
DA:11,14
DA:12,9
DA:13,35
DA:14,21
DA:15,16
DA:16,17
DA:17,19
DA:18,18
DA:19,21
DA:20,25
DA:21,19
DA:22,18
DA:23,20
DA:24,23
DA:25,10
DA:26,38
DA:27,31
DA:28,21
DA:29,3
DA:30,7
DA:31,5
DA:32,3
DA:33,4
DA:35,19
DA:105,42
DA:106,12
DA:107,34
DA:108,18
DA:109,17
DA:110,22
DA:111,7
DA:112,19
DA:113,40
DA:114,36
DA:116,53
DA:117,77
DA:118,19
DA:119,28
DA:120,11
DA:122,55
[...]
DA:73,0
DA:74,0
DA:75,0
DA:76,0
DA:77,0
DA:78,0
DA:79,0
DA:80,0
DA:81,0
DA:82,0
DA:83,0
DA:84,0
DA:85,0
DA:86,0
DA:87,0
DA:88,0
DA:89,0
DA:90,0
DA:91,0
DA:92,0
DA:93,0
DA:94,0
DA:95,0
DA:96,0
DA:97,0
DA:98,0
DA:99,0
DA:100,0
DA:101,0
DA:102,0
DA:103,0
DA:104,0
DA:105,0
DA:106,0
DA:107,0
DA:108,0
DA:109,0
DA:110,0
DA:111,0
DA:112,0
DA:113,0
DA:114,0
DA:115,0
DA:116,0
DA:117,0
DA:118,0
DA:119,0
DA:120,0
DA:121,0
DA:122,0
DA:123,0
DA:124,0
DA:125,0
DA:126,0
DA:127,0
DA:128,0
DA:129,0
DA:130,0
DA:131,0
DA:132,0
DA:133,0
DA:134,0
DA:135,0
DA:136,0
DA:137,0
DA:138,0
DA:139,0
DA:140,0
DA:141,0
DA:142,0
DA:143,0
DA:144,0
DA:145,0
DA:146,0
DA:147,0
DA:148,0
DA:149,0
DA:150,0
DA:151,0
DA:152,0
DA:153,0
DA:154,0
DA:155,0
DA:156,0
DA:157,0
DA:158,0
DA:159,0
DA:160,0
DA:161,0
DA:162,0
DA:163,0
DA:164,0
DA:165,0
DA:166,0
DA:167,0
DA:168,0
DA:169,0
DA:170,0
DA:171,0
DA:172,0
DA:173,0
DA:174,0
DA:175,0
DA:176,0
DA:177,0
DA:178,0
DA:179,0
DA:180,0
DA:181,0
DA:182,0
DA:183,0
DA:184,0
DA:185,0
DA:186,0
DA:187,0
DA:188,0
DA:189,0
DA:190,0
DA:191,0
DA:192,0
DA:193,0
DA:194,0
DA:195,0
DA:196,0
DA:197,0
DA:198,0
DA:199,0
DA:200,0
DA:201,0
DA:202,0
DA:203,0
DA:204,0
DA:205,0
DA:206,0
DA:207,0
DA:208,0
DA:209,0
DA:210,0
DA:211,0
DA:212,0
DA:213,0
DA:214,0
DA:215,0
DA:216,0
DA:217,0
DA:218,0
DA:219,0
DA:220,0
DA:221,0
DA:222,0
DA:223,0
DA:224,0
DA:225,0
DA:226,0
DA:227,0
DA:228,0
DA:229,0
DA:230,0
DA:231,0
DA:232,0
DA:233,0
DA:234,0
DA:235,0
DA:236,0
DA:237,0
DA:238,0
DA:239,0
DA:240,0
DA:241,0
DA:242,0
DA:243,0
DA:244,0
DA:245,0
DA:246,0
DA:247,0
DA:248,0
DA:249,0
DA:250,0
DA:251,0
DA:252,0
DA:253,0
DA:254,0
DA:255,0
DA:256,0
DA:257,0
DA:258,0
DA:259,0
DA:260,0
DA:261,0
DA:262,0
DA:263,0
DA:264,0
DA:265,0
DA:266,0
DA:267,0
DA:268,0
DA:269,0
DA:270,0
DA:271,0
DA:272,0
DA:273,0
DA:274,0
DA:275,0
DA:276,0
DA:277,0
DA:278,0
DA:279,0
DA:280,0
DA:281,0
DA:282,0
DA:283,0
DA:284,0
DA:285,0
DA:286,0
DA:287,0
DA:288,0
DA:289,0
DA:290,0
DA:291,0
DA:292,0
DA:294,3
DA:295,39
LF:268
LH:8
end_of_record
TN:
SF:src\plugin-transform-modules-commonjs\lazy.ts
FNF:1
FNH:0
DA:1,51
DA:2,69
DA:7,0
DA:8,0
DA:9,0
DA:10,0
DA:11,0
DA:12,0
DA:13,0
DA:14,0
DA:15,0
DA:16,0
DA:17,0
DA:18,0
DA:19,0
DA:20,0
DA:21,0
DA:22,0
DA:23,0
DA:24,0
DA:25,0
DA:26,0
DA:27,0
DA:28,0
DA:29,0
DA:30,0
DA:31,0
DA:32,0
DA:33,0
DA:34,0
DA:35,0
DA:36,0
DA:37,0
DA:38,0
DA:41,1
LF:35
LH:3
end_of_record
TN:
SF:src\plugin-transform-typescript\const-enum.ts
FNF:1
FNH:0
DA:3,45
DA:5,48
DA:6,12
DA:9,0
DA:10,0
DA:11,0
DA:12,0
DA:13,0
DA:14,0
DA:15,0
DA:16,0
DA:17,0
DA:18,0
DA:19,0
DA:20,0
DA:21,0
DA:22,0
DA:23,0
DA:24,0
DA:25,0
DA:26,0
DA:27,0
DA:28,0
DA:29,0
DA:30,0
DA:31,0
DA:32,0
DA:33,0
DA:34,0
DA:35,0
DA:36,0
DA:37,0
DA:38,0
DA:39,0
DA:40,0
DA:41,0
DA:42,0
DA:43,0
DA:44,0
DA:45,0
DA:46,0
DA:47,0
DA:48,0
DA:49,0
DA:50,0
DA:51,0
DA:52,0
DA:53,0
DA:54,0
DA:55,0
DA:56,0
DA:57,0
DA:58,0
DA:59,0
DA:60,0
DA:61,0
DA:62,0
DA:63,0
DA:64,0
DA:65,0
DA:66,0
DA:67,0
DA:68,0
DA:69,0
DA:70,0
DA:71,0
DA:72,0
DA:73,0
DA:74,0
DA:75,0
DA:76,0
DA:77,0
DA:78,0
DA:79,0
DA:80,0
DA:81,0
DA:82,0
DA:83,0
DA:84,0
DA:85,0
DA:86,0
DA:87,0
DA:88,0
DA:89,0
DA:90,0
DA:91,0
DA:92,0
DA:93,0
DA:94,0
DA:95,0
DA:96,0
DA:97,1
LF:92
LH:4
end_of_record
TN:
SF:src\plugin-transform-typescript\enum.ts
FNF:7
FNH:0
DA:1,33
DA:2,51
DA:3,56
DA:4,97
DA:8,26
DA:10,44
DA:11,70
DA:17,3
DA:19,0
DA:20,0
DA:21,0
DA:22,0
DA:23,0
DA:24,0
DA:25,0
DA:26,0
DA:27,0
DA:28,0
DA:29,0
DA:30,0
DA:31,0
DA:32,0
DA:33,0
DA:34,0
DA:35,0
DA:36,0
DA:37,0
DA:38,0
DA:39,0
DA:40,0
DA:41,0
DA:42,0
DA:43,0
DA:44,0
DA:45,0
DA:46,0
DA:47,0
DA:48,0
DA:49,0
DA:50,0
DA:51,0
DA:52,0
DA:53,0
DA:54,0
DA:55,0
DA:56,0
DA:57,0
DA:58,0
DA:59,0
DA:60,0
DA:61,0
DA:62,0
DA:63,0
DA:64,0
DA:65,0
DA:66,0
DA:67,0
DA:68,0
DA:69,0
DA:70,0
DA:71,0
DA:72,0
DA:73,0
DA:74,0
DA:75,0
DA:76,0
DA:77,0
DA:78,0
DA:79,0
DA:80,0
DA:81,0
DA:82,1
DA:87,73
DA:89,3
DA:91,89
DA:93,3
DA:95,0
DA:96,1
DA:102,0
DA:103,0
DA:104,0
DA:105,0
DA:106,0
DA:107,0
DA:108,0
DA:109,0
DA:110,0
DA:111,0
DA:112,0
DA:113,0
DA:114,0
DA:115,0
DA:116,0
DA:117,0
DA:118,0
DA:119,0
DA:120,0
DA:121,0
DA:122,0
DA:123,0
DA:124,0
DA:125,0
DA:126,0
DA:127,0
DA:128,0
DA:129,0
DA:130,0
DA:131,0
DA:135,0
DA:136,0
DA:137,0
DA:138,0
DA:139,0
DA:140,0
DA:141,0
DA:142,0
DA:143,0
DA:144,0
DA:145,0
DA:146,0
DA:147,0
DA:148,0
DA:149,0
DA:150,0
DA:151,0
DA:172,0
DA:173,0
DA:174,0
DA:175,0
DA:176,0
DA:177,0
DA:178,0
DA:179,0
DA:180,0
DA:181,0
DA:182,0
DA:183,0
DA:184,0
DA:185,0
DA:186,0
DA:187,0
DA:188,0
DA:189,0
DA:190,0
DA:191,0
DA:192,0
DA:193,0
DA:194,0
DA:195,0
DA:196,0
DA:197,0
DA:198,0
DA:199,0
DA:200,0
DA:201,0
DA:202,0
DA:203,0
DA:204,0
DA:205,0
DA:206,0
DA:207,0
DA:208,1
DA:211,35
DA:212,21
DA:213,2
DA:215,0
DA:216,0
DA:217,0
DA:218,0
DA:219,0
DA:220,0
DA:221,0
DA:222,0
DA:223,0
DA:224,0
DA:225,0
DA:226,0
DA:227,0
DA:228,0
DA:229,0
DA:230,0
DA:231,0
DA:232,0
DA:233,0
DA:234,0
DA:235,0
DA:236,0
DA:237,0
DA:238,0
DA:239,0
DA:240,0
DA:241,0
DA:242,0
DA:243,0
DA:244,0
DA:245,0
DA:246,0
DA:247,0
DA:248,0
DA:249,0
DA:250,0
DA:251,0
DA:252,0
DA:253,0
DA:254,0
DA:255,0
DA:256,0
DA:257,0
DA:258,0
DA:259,0
DA:260,0
DA:261,0
DA:262,0
DA:263,0
DA:264,0
DA:265,0
DA:266,0
DA:267,0
DA:268,0
DA:269,0
DA:270,0
DA:271,0
DA:272,0
DA:273,0
DA:274,0
DA:275,0
DA:276,0
DA:277,0
DA:278,0
DA:279,0
DA:280,0
DA:281,0
DA:282,0
DA:283,0
DA:284,0
DA:285,0
DA:286,0
DA:287,0
DA:288,0
DA:289,0
DA:290,0
DA:291,0
DA:292,0
DA:293,0
DA:294,0
DA:295,0
DA:296,0
DA:297,0
DA:298,0
DA:299,0
DA:300,0
DA:301,0
DA:302,0
DA:307,0
DA:308,0
DA:309,0
DA:310,0
DA:311,0
DA:312,0
DA:313,0
DA:314,0
DA:315,0
DA:316,0
DA:317,0
DA:318,0
DA:319,0
DA:320,0
DA:321,0
DA:322,0
DA:323,0
DA:324,0
DA:325,0
DA:326,0
DA:327,0
DA:328,0
DA:329,0
DA:330,0
DA:331,0
DA:332,0
DA:333,0
DA:334,0
DA:335,0
DA:336,0
DA:337,0
DA:338,0
DA:339,0
DA:340,0
DA:341,0
DA:342,0
DA:343,0
DA:344,0
DA:345,0
DA:346,0
DA:347,0
DA:348,0
DA:349,0
DA:350,0
DA:351,0
DA:352,0
DA:353,0
DA:354,0
DA:355,0
DA:356,0
DA:357,0
DA:358,0
DA:359,0
DA:360,0
DA:361,0
DA:362,0
DA:363,0
DA:364,0
DA:365,0
DA:366,0
DA:367,0
DA:368,0
DA:369,0
DA:370,0
DA:371,0
DA:372,0
DA:373,0
DA:374,0
DA:375,0
DA:376,0
DA:377,0
DA:378,0
DA:379,0
DA:380,0
DA:381,0
DA:382,0
DA:383,0
DA:384,0
DA:385,0
DA:386,0
DA:387,0
DA:388,0
DA:389,0
DA:390,0
DA:391,0
DA:392,0
DA:393,0
DA:394,0
DA:395,0
DA:396,0
DA:397,0
DA:398,0
DA:399,0
DA:400,0
DA:401,0
DA:402,0
DA:403,0
DA:404,0
DA:405,0
DA:406,0
DA:407,0
DA:408,0
DA:409,0
DA:410,0
DA:411,0
DA:412,0
DA:413,0
DA:414,0
DA:415,0
DA:416,0
DA:417,0
DA:418,0
DA:419,0
DA:420,0
DA:421,0
DA:422,0
DA:423,0
DA:424,0
DA:425,0
DA:426,0
DA:427,0
DA:428,0
DA:429,0
DA:430,0
DA:431,0
DA:432,0
DA:433,0
DA:434,0
DA:435,0
DA:436,0
DA:437,0
DA:438,0
DA:439,0
DA:440,0
DA:441,0
DA:442,0
DA:443,0
DA:444,0
DA:445,0
DA:446,0
DA:447,0
DA:448,0
DA:449,0
DA:450,0
DA:451,0
DA:452,0
DA:453,0
DA:454,0
DA:455,0
DA:456,0
DA:457,0
DA:458,0
DA:459,0
LF:406
LH:18
end_of_record
TN:
SF:src\plugin-transform-typescript\global-types.ts
FNF:2
FNH:0
DA:3,40
DA:5,0
DA:6,0
DA:7,0
DA:8,0
DA:9,0
DA:10,0
DA:11,0
DA:12,0
DA:13,0
DA:14,0
DA:15,0
DA:16,0
DA:17,0
DA:18,0
DA:19,1
DA:22,0
LF:17
LH:2
end_of_record
TN:
SF:src\plugin-transform-typescript\index.ts
FNF:42
FNH:13
DA:2,53
DA:4,63
DA:5,78
DA:7,46
DA:8,35
DA:9,80
DA:10,68
DA:12,10
DA:13,30
DA:14,0
DA:15,0
DA:16,0
DA:17,0
DA:18,0
DA:19,0
DA:20,0
DA:22,0
DA:23,0
DA:25,0
DA:26,0
DA:28,0
DA:31,0
DA:32,14
DA:35,13
DA:42,39
DA:43,33
DA:46,0
DA:47,0
DA:48,0
DA:49,0
DA:50,0
DA:51,0
DA:52,0
DA:53,0
DA:54,0
DA:55,0
DA:59,0
DA:60,0
DA:61,0
DA:62,0
DA:63,0
DA:64,0
DA:65,0
DA:66,0
DA:67,0
DA:68,0
DA:69,0
DA:70,0
DA:71,0
DA:72,1
DA:95,58
DA:98,37
DA:100,59
DA:102,11
DA:103,27
DA:104,38
DA:105,37
DA:106,34
DA:107,32
DA:108,7
DA:110,14
DA:112,44
DA:113,2
DA:115,32
DA:116,0
DA:117,0
DA:118,0
DA:119,0
DA:120,0
DA:121,0
DA:122,0
DA:123,0
DA:124,0
DA:125,0
DA:126,0
DA:127,0
DA:128,0
DA:129,0
DA:130,0
DA:131,0
DA:132,0
DA:133,0
DA:134,0
DA:135,0
DA:136,0
DA:137,0
DA:138,0
DA:139,0
DA:140,0
DA:141,0
DA:142,0
DA:143,0
DA:144,0
DA:145,0
DA:146,0
DA:147,0
DA:148,0
DA:149,0
DA:150,0
DA:151,0
DA:152,0
DA:153,0
DA:154,0
DA:155,0
DA:156,0
DA:157,0
DA:158,0
DA:159,0
DA:160,0
DA:161,0
DA:162,0
DA:163,0
DA:164,0
DA:165,0
DA:166,0
DA:167,0
DA:168,0
DA:169,0
DA:170,0
DA:171,0
DA:172,0
DA:173,0
DA:174,0
DA:175,0
DA:176,0
DA:177,0
DA:178,4
DA:180,0
DA:181,0
DA:182,0
DA:183,0
DA:184,4
DA:188,0
DA:189,0
DA:190,0
DA:191,0
DA:192,0
DA:193,0
DA:194,0
DA:195,0
DA:196,0
DA:197,0
DA:198,0
DA:199,0
DA:200,0
DA:201,0
DA:202,0
DA:203,0
DA:204,0
DA:205,0
DA:206,0
DA:207,0
DA:208,0
DA:209,0
DA:210,0
DA:211,0
DA:212,0
DA:213,0
DA:214,0
DA:215,0
DA:216,0
DA:217,0
DA:218,0
DA:219,0
DA:220,0
DA:221,0
DA:222,0
DA:223,0
DA:224,0
DA:225,0
DA:226,0
DA:227,0
DA:228,2
DA:230,4
DA:232,12
DA:233,33
DA:234,31
DA:236,16
DA:238,28
DA:239,31
DA:240,32
DA:242,17
DA:243,25
DA:244,33
DA:245,35
DA:246,39
DA:247,42
DA:249,49
DA:250,50
DA:251,10
DA:253,35
DA:254,55
DA:255,70
DA:256,15
DA:257,0
DA:259,0
DA:260,0
DA:261,0
DA:263,12
DA:264,10
DA:265,10
DA:267,60
DA:268,34
DA:269,59
DA:270,10
DA:272,72
DA:273,38
DA:274,67
DA:275,10
DA:278,34
DA:280,13
DA:281,46
DA:282,69
DA:283,67
DA:284,14
DA:286,36
DA:287,0
DA:288,0
DA:289,0
DA:290,0
DA:291,0
DA:292,14
DA:294,46
DA:295,67
DA:296,35
DA:297,24
DA:298,55
DA:300,62
DA:301,4
DA:302,40
DA:303,32
DA:304,0
DA:305,0
DA:306,0
DA:307,0
DA:308,0
DA:309,0
DA:310,14
DA:311,14
DA:315,26
DA:316,0
DA:317,23
DA:320,38
DA:321,0
DA:322,0
DA:323,16
DA:325,64
DA:326,78
DA:334,71
DA:335,4
DA:336,40
DA:337,30
DA:338,40
DA:339,39
DA:340,40
DA:341,3
DA:342,0
DA:343,0
DA:344,29
DA:345,79
DA:347,16
DA:348,28
DA:351,54
DA:352,0
DA:353,23
DA:354,41
DA:355,0
DA:356,28
DA:359,8
DA:360,12
DA:362,65
DA:363,0
DA:364,0
DA:365,0
DA:366,0
DA:367,0
DA:369,0
DA:370,0
DA:371,0
DA:372,0
DA:373,0
DA:374,0
DA:375,0
DA:376,0
DA:377,0
DA:378,0
DA:379,0
DA:380,12
DA:382,46
DA:383,43
DA:384,12
DA:386,50
DA:387,0
DA:388,0
DA:389,0
DA:390,10
DA:391,35
DA:392,63
DA:393,35
DA:394,46
DA:395,47
DA:396,49
DA:397,30
DA:398,0
DA:399,0
DA:400,0
DA:401,0
DA:402,0
DA:403,11
DA:404,16
DA:406,18
DA:407,4
DA:408,37
DA:409,34
DA:410,0
DA:414,0
DA:415,14
DA:417,7
DA:419,0
DA:420,0
DA:421,0
DA:422,0
DA:423,0
DA:424,0
DA:425,0
DA:426,0
DA:427,0
DA:428,0
DA:429,0
DA:430,0
DA:431,0
DA:432,0
DA:433,0
DA:434,0
DA:435,0
DA:436,0
DA:437,0
DA:438,0
DA:439,0
DA:440,0
DA:441,0
DA:442,0
DA:443,0
DA:444,0
DA:445,0
DA:446,0
DA:447,0
DA:448,0
DA:449,0
DA:450,0
DA:451,0
DA:452,0
DA:453,0
DA:454,0
DA:455,0
DA:456,0
DA:457,0
DA:458,0
DA:459,0
DA:460,0
DA:461,0
DA:462,0
DA:463,0
DA:464,0
DA:465,0
DA:466,0
DA:467,0
DA:468,0
DA:469,0
DA:470,0
DA:471,0
DA:472,0
DA:473,0
DA:474,0
DA:475,0
DA:476,0
DA:477,0
DA:478,0
DA:479,0
DA:480,0
DA:481,0
DA:482,0
DA:483,0
DA:484,0
DA:485,0
DA:486,0
DA:487,0
DA:488,0
DA:489,0
DA:490,0
DA:491,6
DA:494,0
DA:495,6
DA:498,0
DA:499,0
DA:500,0
DA:501,0
DA:502,0
DA:503,0
DA:504,0
DA:505,0
DA:506,0
DA:507,6
DA:510,23
DA:511,52
DA:512,0
DA:513,8
DA:516,4
DA:517,41
DA:518,47
DA:519,0
DA:520,0
DA:522,0
DA:523,8
DA:525,66
DA:528,0
DA:529,6
DA:532,0
DA:533,6
DA:536,16
DA:537,22
DA:538,0
DA:539,12
DA:542,20
DA:543,39
DA:546,0
DA:547,6
DA:550,0
DA:551,0
DA:552,0
DA:553,0
DA:554,6
DA:557,0
DA:558,0
DA:559,0
DA:560,0
DA:561,0
DA:562,0
DA:563,0
DA:564,0
DA:565,0
DA:566,0
DA:567,0
DA:568,0
DA:569,0
DA:570,0
DA:571,0
DA:572,0
DA:573,0
DA:574,0
DA:575,0
DA:576,0
DA:577,0
DA:578,0
DA:579,0
DA:580,0
DA:581,0
DA:582,0
DA:583,0
DA:584,0
DA:585,0
DA:586,0
DA:587,0
DA:588,0
DA:589,0
DA:590,0
DA:591,0
DA:592,0
DA:593,6
DA:596,16
DA:597,30
DA:598,41
DA:599,37
DA:601,35
DA:602,69
DA:603,0
DA:604,12
DA:607,0
DA:608,6
DA:611,0
DA:612,6
DA:615,0
DA:616,6
DA:619,0
DA:620,0
DA:621,0
DA:622,0
DA:623,6
DA:627,0
DA:628,0
DA:629,0
DA:630,0
DA:631,0
DA:632,0
DA:633,0
DA:634,0
DA:635,0
DA:636,0
DA:637,0
DA:638,0
DA:639,0
DA:640,0
DA:641,0
DA:642,0
DA:643,0
DA:644,0
DA:645,0
DA:646,0
DA:647,0
DA:648,0
DA:649,0
DA:650,0
DA:651,0
DA:652,0
DA:653,0
DA:654,0
DA:655,0
DA:656,0
DA:657,0
DA:658,0
DA:659,0
DA:660,0
DA:661,0
DA:662,0
DA:663,0
DA:664,0
DA:665,6
DA:668,0
DA:669,0
DA:670,0
DA:671,0
DA:672,0
DA:673,0
DA:674,0
DA:675,0
DA:676,0
DA:677,6
DA:680,0
DA:681,0
DA:682,0
DA:683,0
DA:684,0
DA:685,0
DA:686,0
DA:687,0
DA:688,0
DA:689,0
DA:690,0
DA:691,0
DA:692,38
DA:695,11
DA:696,2
DA:707,37
DA:708,47
DA:709,2
DA:710,12
DA:711,18
DA:712,97
DA:715,16
DA:716,14
DA:717,0
DA:718,17
DA:720,52
DA:724,0
DA:725,0
DA:726,0
DA:727,0
DA:728,0
DA:729,6
DA:733,0
DA:734,0
DA:735,0
DA:736,0
DA:737,0
DA:738,6
DA:742,0
DA:743,0
DA:744,0
DA:745,0
DA:746,0
DA:747,0
DA:748,6
DA:752,0
DA:753,0
DA:754,0
DA:755,0
DA:756,0
DA:757,0
DA:758,4
DA:761,3
DA:762,1
DA:764,0
DA:765,0
DA:766,0
DA:767,0
DA:768,0
DA:769,0
DA:772,6
DA:773,9
DA:774,5
DA:776,33
DA:777,49
DA:781,6
DA:782,12
DA:783,16
DA:784,21
DA:785,25
DA:791,5
DA:792,49
DA:793,29
DA:794,12
DA:795,0
DA:796,0
DA:798,0
DA:799,0
DA:800,0
DA:801,0
DA:802,0
DA:803,0
DA:806,0
DA:807,0
DA:808,0
DA:809,0
DA:810,0
DA:811,0
DA:813,0
DA:814,0
DA:815,0
DA:816,0
DA:817,0
DA:818,0
DA:820,0
DA:823,0
DA:825,3
DA:826,40
LF:635
LH:197
end_of_record
TN:
SF:src\plugin-transform-typescript\namespace.ts
FNF:7
FNH:0
DA:1,51
DA:2,65
DA:3,52
DA:5,0
DA:6,0
DA:7,0
DA:8,0
DA:9,0
DA:10,0
DA:11,0
DA:15,0
DA:16,0
DA:17,0
DA:18,0
DA:19,0
DA:20,0
DA:21,0
DA:22,0
DA:23,0
DA:24,0
DA:25,0
DA:26,0
DA:27,0
DA:28,0
DA:29,0
DA:30,0
DA:31,0
DA:32,0
DA:33,0
DA:34,0
DA:35,0
DA:36,0
DA:37,0
DA:38,0
DA:39,0
DA:40,0
DA:41,0
DA:42,0
DA:43,0
DA:44,0
DA:45,0
DA:46,0
DA:47,0
DA:48,0
DA:49,1
DA:53,0
DA:54,0
DA:55,0
DA:59,0
DA:70,0
DA:71,0
DA:72,0
DA:73,0
DA:74,0
DA:75,0
DA:76,0
DA:77,0
DA:78,0
DA:79,0
DA:80,0
DA:81,0
DA:82,0
DA:83,0
DA:84,0
DA:85,0
DA:86,0
DA:87,0
DA:88,0
DA:89,0
DA:90,0
DA:91,0
DA:92,0
DA:93,0
DA:94,0
DA:95,0
DA:96,0
DA:97,0
DA:98,0
DA:99,0
DA:100,0
DA:101,0
DA:102,0
DA:103,0
DA:104,0
DA:105,0
DA:106,0
DA:107,0
DA:108,0
DA:109,0
DA:110,0
DA:111,0
DA:112,0
DA:113,0
DA:114,0
DA:115,0
DA:119,0
DA:120,0
DA:121,0
DA:122,0
DA:123,0
DA:127,0
DA:128,0
DA:129,0
DA:130,0
DA:131,0
DA:132,0
DA:133,0
DA:134,0
DA:135,0
DA:136,0
DA:137,0
DA:138,0
DA:139,0
DA:140,0
DA:141,0
DA:142,0
DA:143,0
DA:144,0
DA:145,0
DA:146,0
DA:147,0
DA:148,0
DA:149,0
DA:150,0
DA:151,0
DA:152,0
DA:153,0
DA:154,0
DA:155,0
DA:156,0
DA:157,0
DA:158,0
DA:159,0
DA:160,0
DA:161,0
DA:162,0
DA:163,0
DA:164,0
DA:165,0
DA:166,0
DA:167,0
DA:168,0
DA:169,0
DA:170,0
DA:171,0
DA:172,0
DA:173,0
DA:174,0
DA:175,0
DA:176,0
DA:177,0
DA:178,0
DA:179,0
DA:180,0
DA:181,0
DA:182,0
DA:183,0
DA:184,0
DA:185,0
DA:186,0
DA:187,0
DA:188,0
DA:189,0
DA:190,0
DA:191,0
DA:192,0
DA:193,0
DA:194,0
DA:195,0
DA:196,0
DA:197,0
DA:198,0
DA:199,0
DA:200,0
DA:201,0
DA:202,0
DA:203,0
DA:204,0
DA:205,0
DA:206,0
DA:207,0
DA:208,0
DA:209,0
DA:210,0
DA:211,0
DA:212,0
DA:213,0
DA:214,0
DA:215,0
DA:216,0
DA:217,0
DA:218,0
DA:219,0
DA:220,0
DA:221,0
DA:222,0
DA:223,0
DA:224,0
DA:225,0
DA:226,0
DA:227,0
DA:228,0
DA:229,0
DA:230,0
DA:231,0
DA:232,0
DA:233,0
DA:234,0
DA:235,0
DA:236,0
DA:237,0
DA:238,0
DA:239,0
DA:240,0
DA:241,0
DA:242,0
DA:243,0
DA:244,0
DA:245,0
DA:246,0
DA:247,0
DA:248,0
DA:249,0
DA:250,0
DA:251,0
DA:252,0
DA:253,0
DA:254,0
DA:255,0
DA:256,0
DA:257,0
DA:258,0
DA:259,0
DA:260,0
DA:261,0
DA:262,0
DA:263,0
DA:264,0
DA:265,0
DA:266,0
DA:267,0
DA:268,0
DA:269,0
DA:270,0
DA:271,0
DA:272,0
DA:273,0
DA:274,0
DA:275,0
DA:276,0
DA:277,0
DA:278,0
DA:279,0
DA:280,0
DA:281,0
DA:282,0
DA:283,0
DA:284,0
DA:285,0
DA:286,0
DA:287,0
DA:288,0
DA:289,0
DA:290,0
DA:291,0
DA:292,0
DA:293,0
DA:294,0
DA:295,0
DA:296,0
DA:297,0
DA:298,0
DA:299,0
DA:300,0
DA:301,0
DA:302,0
DA:303,0
DA:304,0
DA:305,0
DA:306,0
DA:307,0
DA:308,0
DA:309,0
DA:310,0
DA:311,0
DA:312,0
DA:313,0
DA:314,0
DA:315,0
LF:289
LH:4
end_of_record
TN:
SF:src\preset-typescript\index.ts
FNF:8
FNH:3
DA:2,59
DA:3,76
DA:4,65
DA:5,38
DA:7,51
DA:8,65
DA:10,45
DA:11,11
DA:12,18
DA:13,21
DA:14,20
DA:15,29
DA:16,10
DA:17,14
DA:18,18
DA:19,26
DA:20,23
DA:21,29
DA:22,25
DA:24,33
DA:25,0
DA:26,0
DA:27,0
DA:28,0
DA:29,0
DA:30,0
DA:31,0
DA:32,1
DA:33,36
DA:34,48
DA:35,20
DA:36,29
DA:37,14
DA:38,18
DA:39,26
DA:40,20
DA:41,3
DA:43,60
DA:44,14
DA:45,0
DA:46,0
DA:47,0
DA:48,0
DA:49,0
DA:50,13
DA:51,16
DA:52,11
DA:53,30
DA:54,61
DA:55,7
DA:56,4
DA:60,67
DA:62,12
DA:63,42
DA:64,35
DA:65,2
DA:68,7
DA:69,9
DA:70,18
DA:71,7
DA:72,8
DA:73,39
DA:74,8
DA:75,9
DA:76,18
DA:77,8
DA:78,8
DA:79,29
DA:80,38
DA:81,8
DA:82,9
DA:83,18
DA:84,8
DA:85,8
DA:86,34
DA:87,20
DA:88,66
DA:89,50
DA:90,7
DA:91,8
DA:92,9
DA:93,18
DA:94,8
DA:95,8
DA:98,38
DA:99,5
DA:100,2
DA:101,1
DA:102,2
LF:89
LH:77
end_of_record
TN:
SF:src\preset-typescript\normalize-options.ts
FNF:1
FNH:1
DA:1,65
DA:3,57
DA:21,31
DA:22,77
DA:24,24
DA:26,5
DA:27,41
DA:28,39
DA:29,57
DA:30,27
DA:31,35
DA:32,51
DA:33,45
DA:34,55
DA:37,35
DA:38,16
DA:39,4
DA:41,45
DA:42,31
DA:43,23
DA:44,16
DA:45,4
DA:48,44
DA:49,31
DA:50,23
DA:51,5
DA:52,4
DA:55,36
DA:56,23
DA:57,15
DA:58,5
DA:59,4
DA:60,10
DA:61,0
DA:62,2
DA:64,49
DA:65,34
DA:66,26
DA:67,5
DA:68,4
DA:70,57
DA:71,42
DA:72,34
DA:73,5
DA:74,4
DA:75,29
DA:76,0
DA:77,0
DA:78,0
DA:79,0
DA:80,0
DA:81,0
DA:82,0
DA:83,0
DA:84,0
DA:85,0
DA:87,2
DA:89,51
DA:90,36
DA:91,28
DA:92,5
DA:93,4
DA:95,56
DA:96,41
DA:97,33
DA:98,5
DA:99,4
DA:101,24
DA:102,21
DA:103,20
DA:104,29
DA:105,14
DA:106,18
DA:107,26
DA:108,23
DA:109,25
DA:110,4
DA:111,14
DA:112,45
DA:113,27
DA:114,2
DA:115,18
LF:82
LH:71
end_of_record
TN:
SF:src\preset-typescript\plugin-rewrite-ts-imports.ts
FNF:1
FNH:0
DA:2,53
DA:4,0
DA:5,0
DA:6,0
DA:7,0
DA:8,0
DA:9,0
DA:10,0
DA:11,0
DA:12,0
DA:13,0
DA:14,0
DA:15,0
DA:16,0
DA:17,0
DA:18,0
DA:19,0
DA:20,0
DA:21,0
DA:22,0
DA:23,0
DA:24,0
DA:25,0
DA:26,0
DA:27,0
DA:28,0
DA:29,0
DA:30,0
DA:31,0
DA:32,0
DA:33,0
DA:34,0
DA:35,0
DA:36,0
DA:37,0
DA:38,0
DA:39,0
DA:40,0
DA:41,0
DA:42,0
DA:43,0
DA:44,0
DA:45,0
DA:46,0
DA:47,0
DA:48,0
DA:49,0
DA:50,0
DA:51,0
DA:52,0
DA:53,0
DA:54,0
DA:55,0
DA:56,0
DA:57,0
DA:58,0
DA:59,0
DA:60,0
DA:61,0
DA:62,0
DA:63,0
DA:64,0
DA:65,0
DA:66,0
DA:67,0
DA:68,0
DA:69,0
DA:70,0
DA:71,0
DA:72,0
DA:73,0
DA:74,0
DA:75,0
DA:76,0
DA:77,0
DA:78,0
DA:79,0
DA:80,0
DA:81,0
DA:83,3
DA:84,37
LF:81
LH:3
end_of_record
TN:
SF:src\syntax-jsx\index.ts
FNF:3
FNH:3
DA:2,53
DA:4,33
DA:5,12
DA:6,22
DA:8,26
DA:11,4
DA:12,23
DA:13,49
DA:14,2
DA:15,9
DA:16,6
DA:17,0
DA:19,2
DA:21,1
DA:22,3
DA:24,24
LF:16
LH:15
end_of_record
TN:
SF:tests\basic.test.ts
FNF:1
FNH:1
DA:1,36
DA:2,46
DA:4,41
DA:5,60
DA:7,72
DA:8,41
DA:9,4
DA:10,2
LF:8
LH:8
end_of_record
TN:
SF:tests\config.test.ts
FNF:1
FNH:1
DA:1,36
DA:2,46
DA:4,55
DA:5,75
DA:6,15
DA:7,16
DA:8,50
DA:9,5
DA:10,3
DA:11,5
DA:13,63
DA:14,21
DA:15,15
DA:16,16
DA:17,21
DA:18,5
DA:19,3
DA:20,5
DA:22,78
DA:23,15
DA:24,16
DA:25,24
DA:26,22
DA:27,5
DA:28,3
DA:29,5
DA:31,62
DA:32,15
DA:33,16
DA:34,32
DA:35,5
DA:36,3
DA:37,4
DA:38,2
LF:34
LH:34
end_of_record
TN:
SF:tests\create-store.test.ts
FNF:1
FNH:1
DA:1,36
DA:2,46
DA:4,41
DA:5,69
DA:6,2
LF:5
LH:5
end_of_record
TN:
SF:tests\helpers\index.ts
FNF:3
FNH:3
DA:1,38
DA:3,36
DA:4,33
DA:5,47
DA:7,56
DA:14,6
DA:15,6
DA:16,9
DA:17,9
DA:18,3
DA:19,40
DA:20,34
DA:21,47
DA:22,39
DA:23,26
DA:24,31
DA:25,21
DA:26,17
DA:27,19
DA:28,8
DA:29,16
DA:30,7
DA:32,39
DA:33,34
DA:34,3
LF:25
LH:25
end_of_record
TN:
SF:tests\index.test.ts
FNF:1
FNH:1
DA:1,36
DA:2,46
DA:4,41
DA:5,61
DA:6,57
DA:7,63
DA:8,61
DA:9,79
DA:10,65
DA:11,63
DA:12,74
DA:13,61
DA:14,63
DA:15,55
DA:16,68
DA:17,59
DA:18,61
DA:19,57
DA:20,60
DA:21,2
LF:20
LH:20
end_of_record
TN:
SF:tests\integration.test.ts
FNF:5
FNH:5
DA:1,48
DA:2,33
DA:3,33
DA:5,46
DA:6,59
DA:7,34
DA:8,42
DA:9,31
DA:10,17
DA:11,27
DA:12,19
DA:13,8
DA:14,16
DA:15,7
DA:17,42
DA:18,47
DA:19,4
DA:21,57
DA:22,34
DA:23,40
DA:24,61
DA:25,17
DA:26,27
DA:27,19
DA:28,8
DA:29,16
DA:30,7
DA:32,42
DA:33,47
DA:34,3
DA:35,2
LF:31
LH:31
end_of_record
TN:
SF:tests\plugin-config.test.ts
FNF:3
FNH:3
DA:1,48
DA:2,33
DA:4,40
DA:5,58
DA:6,33
DA:8,31
DA:9,4
DA:11,57
DA:12,29
DA:13,16
DA:14,24
DA:15,22
DA:16,5
DA:17,6
DA:19,46
DA:21,31
DA:22,3
DA:23,2
LF:18
LH:18
end_of_record
TN:
SF:tests\ssr.test.ts
FNF:1
FNH:1
DA:1,36
DA:2,46
DA:4,41
DA:5,51
DA:6,21
DA:7,40
DA:8,5
DA:10,64
DA:11,21
DA:12,58
DA:13,4
DA:14,2
LF:12
LH:12
end_of_record
